# callgrind format
version: 1
creator: callgrind-3.18.1
pid: 10288
cmd:  ./main
part: 1


desc: I1 cache: 
desc: D1 cache: 
desc: LL cache: 

desc: Timerange: Basic block 0 - 32777115
desc: Trigger: Program termination

positions: line
events: Ir
summary: 291783239


ob=(5) /usr/libexec/valgrind/vgpreload_core-amd64-linux.so
fl=(163) ???
fn=(548) 0x0000000000001170
0 12

fn=(926) 0x00000000000010e0
0 11
cob=(2) ???
cfi=(51) ???
cfn=(932) 0x000000000483f040
calls=1 0 
0 74
0 10
cfn=(938) 0x0000000000001070
calls=1 0 
0 5
0 5

fn=(938)
0 5

fn=(556) 0x00000000000012f0
0 5

ob=(6) /home/vitaliy/MIPTDED/HashTable/main
fl=(176) /home/vitaliy/MIPTDED/HashTable/src/main.cpp
fn=(616) main
4 2
+27 3
cfi=(177) /home/vitaliy/MIPTDED/HashTable/src/hashtable.cpp
cfn=(618) HashTableCtor(unsigned long, unsigned int (*)(char const*, unsigned long))
calls=1 -23 
* 1379765
+1 1
-1 1
+1 2
cfi=(177)
cfn=(652) FillHashTable(HashTable*, char const*)
calls=1 +16 
* 251871277
+2 3
cfi=(221) /home/vitaliy/MIPTDED/HashTable/src/unittests.cpp
cfn=(832) RunUnitTests(HashTable*, char const*)
calls=1 -22 
* 36641407
fi=(223) /usr/include/x86_64-linux-gnu/bits/stdio2.h
+78 2
fe=(176)
-78 1
fi=(223)
+78 2
cob=(3) /usr/lib/x86_64-linux-gnu/libc.so.6
cfi=(224) ./debug/./debug/printf_chk.c
cfn=(850) __printf_chk
calls=1 -87 
* 85885
* 1
fe=(176)
-75 2
cfi=(177)
cfn=(880) HashTableDtor(HashTable*)
calls=1 -6 
* 1600857
+5 3

fl=(215) /home/vitaliy/MIPTDED/HashTable/src/crc32.cpp
fn=(808) HashCrc32(char const*, unsigned long)
52 296832
+5 890496
-2 890496
+4 296832
-2 296832
+2 1187328
-2 593664
+2 914402
-2 914402
+2 3657608
-2 1828804
+5 593664

fl=(177)
fn=(618)
8 4
+1 1
-1 2
+1 2
cob=(3)
cfi=(178) ./malloc/./malloc/malloc.c
cfn=(622) calloc
calls=1 3624 
* 1835
* 1
+1 2
-1 1
+1 1
cob=(3)
cfi=(178)
cfn=(622)
calls=1 3624 
* 64344
* 1
+1 1
-1 1
+2 1
+2 5
+1 6006
-1 2002
+1 6006
cfi=(185) /home/vitaliy/MIPTDED/HashTable/src/list.cpp
cfn=(650) ListCtor(List*, int)
calls=2002 -1 
* 1294886
* 2
-1 1
+1 3
cfi=(185)
cfn=(650)
calls=1 -1 
* 646
-1 4006
+4 5

fn=(880)
31 5
+3 4
+1 1
-1 1
+1 3
cfi=(185)
cfn=(882) ListDtor(List*)
calls=1 263 
* 245
* 2002
-1 2002
+1 6006
cfi=(185)
cfn=(882)
calls=2002 263 
* 1586352
-1 4006
+3 2
cob=(3)
cfi=(178)
cfn=(714) free
calls=1 3352 
* 132
* 1
+8 1
-2 1
+2 2
-2 1
cob=(3)
cfi=(178)
cfn=(714)
calls=1 3352 
* 89
* 1

fn=(806) InsertValue(HashTable*, char const*, unsigned long)
68 96333
+4 32111
-4 192666
+4 64222
cfi=(215)
cfn=(808)
calls=32111 -20 
* 1339735
* 96333
+2 160555
+17 32111
+2 39379
+3 39379
-3 39379
+3 39379
-3 39379
+3 39379
cob=(3)
cfi=(219) ./string/../sysdeps/x86_64/multiarch/strcmp-avx2.S
cfn=(824) __strcmp_avx2
calls=39379 -13 
* 867057
* 39379
* 78758
-5 88508
-14 14625
cob=(3)
cfi=(178)
cfn=(622)
calls=4875 3624 
* 1067943
* 4875
fi=(216) /usr/include/x86_64-linux-gnu/bits/string_fortified.h
+18 24375
cob=(3)
cfi=(217) ./debug/./debug/strncpy_chk.c
cfn=(814) __strncpy_chk
calls=4875 -71 
* 214864
* 4875
fe=(177)
-14 4875
-1 4875
+1 4875
-1 4875
+1 14625
-1 4875
cfi=(185)
cfn=(820) InsertTail(List*, char const*)
calls=4875 -7 
* 172438
+1 163416

fn=(844) FindWord(HashTable*, char const*, unsigned long)
21 1853047
+4 529442
cfi=(215)
cfn=(808)
calls=264721 +27 
* 11021625
* 794163
+2 1058884
+64 264721
+2 410969
+3 410969
-3 410969
+3 410969
-3 410969
+3 410969
cob=(3)
cfi=(219)
cfn=(824)
calls=410969 -13 
* 9134945
* 410969
* 821938
-5 918898
-63 1323605

fn=(652)
48 13
+4 1
cfi=(186) /home/vitaliy/MIPTDED/HashTable/src/utils.cpp
cfn=(654) GetFileContent(char const*)
calls=1 -48 
* 3117
+3 2
-3 1
+3 1
+2 6
+2 64222
cob=(3)
cfi=(214) ./string/../sysdeps/x86_64/multiarch/strlen-avx2.S
cfn=(804) __strlen_avx2
calls=32111 -9 
* 449554
* 32111
+1 64222
-1 32111
+1 64222
cfn=(806)
calls=32111 +8 
* 5030453
+1 32111
-4 224777
cob=(3)
cfi=(208) ./stdio-common/./stdio-common/isoc99_sscanf.c
cfn=(786) __isoc99_sscanf
calls=32111 -33 
* 245777940
* 32111
* 64222
+7 2
cob=(3)
cfi=(178)
cfn=(714)
calls=1 3352 
* 66
* 1
+1 11

fl=(185)
fn=(884) RecFreeNodes(List*, int)
286 3178
+1 908
-1 454
+1 1362
+1 454
+2 908
+2 908
cob=(3)
cfi=(178)
cfn=(714)
calls=454 3352 
* 49472
* 454
+1 908
+1 3632
-7 824
+1 206
+2 412
+2 412
cob=(3)
cfi=(178)
cfn=(714)
calls=206 3352 
* 22424
* 206
+1 412
+1 206
-7 332
+1 83
+2 166
+2 166
cob=(3)
cfi=(178)
cfn=(714)
calls=83 3352 
* 9008
* 83
+1 166
+1 102
-4 19
cfn=(885) RecFreeNodes(List*, int)'2
calls=19 -4 
* 4591
* 38

fn=(885)
286 140
+1 40
-1 20
+1 60
+1 20
+2 40
+2 40
cob=(3)
cfi=(178)
cfn=(714)
calls=20 3352 
* 2178
* 20
+1 40
+1 160
-7 36
+1 9
+2 18
+2 18
cob=(3)
cfi=(178)
cfn=(714)
calls=9 3352 
* 984
* 9
+1 18
+1 9
-7 24
+1 6
+2 12
+2 12
cob=(3)
cfi=(178)
cfn=(714)
calls=6 3352 
* 650
* 6
+1 12
+1 7
-4 1
cfn=(885)
calls=1 -4 
* 137
* 2

fn=(820)
73 19500
+1 9750
280 24375
79 29250
+2 19500
+2 4875
+1 4875
+1 4875
+3 4875
-2 4875
+2 9750
+2 1813
+3 3626
+3 9065
-3 6124
+3 15310

fn=(882)
263 16024
+1 4006
+23 12018
+1 2003
+2 4006
+2 4006
cob=(3)
cfi=(178)
cfn=(714)
calls=2003 3352 
* 199418
* 2003
+1 4006
-26 4006
cob=(3)
cfi=(178)
cfn=(714)
calls=2003 3352 
* 8012
* 2003
+2 4006
cob=(3)
cfi=(178)
cfn=(714)
calls=2003 3352 
* 907623
* 2003
+3 2003
-2 2003
+2 6009
+1 2003
+1 16024
+13 5628
+1 1407
+2 2814
+2 2814
cob=(3)
cfi=(178)
cfn=(714)
calls=1407 3352 
* 153750
* 1407
+1 2814
+1 1407
-7 3508
+1 877
+2 1754
+2 1754
cob=(3)
cfi=(178)
cfn=(714)
calls=877 3352 
* 95660
* 877
+1 1754
+1 1331
-4 454
cfn=(884)
calls=454 -4 
* 102494
* 908

fn=(650)
14 8012
+1 4006
+2 12018
cob=(3)
cfi=(178)
cfn=(622)
calls=2003 3624 
* 546410
* 2003
* 2003
+1 4006
+4 2003
-2 2003
+2 12018
+2 2003
+1 2003
-3 2003
+2 2003
+2 2003
-4 4006
+2 94141
+1 94141
-3 94141
+2 94141
+2 94141
-4 188282
+10 2003
+1 2003
+6 2003
-9 2003
+2 2003
+1 2003
+1 2003
+4 2003
-1 2003
+1 2003
+2 8012

fl=(169) ???
fn=(914) 0x0000000000001220
0 5

fn=(584) (below main)
0 12
cob=(3)
cfi=(170) ./csu/../csu/libc-start.c
cfn=(586) __libc_start_main@@GLIBC_2.34
calls=1 242 
0 291581916

fn=(596) 0x00000000000012d0
0 12

fn=(898) 0x0000000000001290
0 9
cob=(2)
cfi=(51)
cfn=(904) 0x0000000000109180
calls=1 0 
0 73
0 1
cfn=(914)
calls=1 0 
0 5
0 3

fl=(221)
fn=(832)
12 13
+4 1
cfi=(186)
cfn=(654)
calls=1 -12 
* 15995
+1 1
-1 2
+1 1
cfi=(186)
cfn=(834) CalcNlines(char*)
calls=1 +17 
* 73509
+34 1
-34 1
+34 1
-34 1
+34 1
cob=(3)
cfi=(178)
cfn=(622)
calls=1 3624 
* 42271
* 1
+2 3
+3 1
-5 1
+5 5
+2 2621
-2 2621
+2 2621
cob=(3)
cfi=(214)
cfn=(804)
calls=2621 -8 
* 36694
* 2621
+2 5242
-2 2621
+2 2621
cob=(3)
cfi=(178)
cfn=(622)
calls=2621 3624 
* 575795
* 2621
fi=(216)
+35 7863
fe=(221)
-35 2621
+6 2621
fi=(216)
+29 2621
cob=(3)
cfi=(217)
cfn=(814)
calls=2621 -71 
* 118901
* 2621
fe=(221)
-31 2621
-1 2621
-7 18347
cob=(3)
cfi=(208)
cfn=(786)
calls=2621 -32 
* 3187990
* 2621
* 5242
-35 4
-1 2
+3 1
+1 3
+3 4
cfi=(177)
cfn=(844)
calls=1 -6 
* 241
-4 2620
+1 7860
+3 10480
cfi=(177)
cfn=(844)
calls=2620 -6 
* 302710
* 1037916
cfi=(177)
cfn=(844)
calls=259479 -6 
* 29992149
-1 524200
+3 10484
cfi=(177)
cfn=(844)
calls=2621 -8 
* 302951
+1 5242
-9 13105
+12 2
cob=(3)
cfi=(178)
cfn=(714)
calls=1 3352 
* 163
* 1
+1 3
+2 1
-2 1
+2 1
cob=(3)
cfi=(178)
cfn=(714)
calls=1 3352 
* 89
* 1
* 2620
-2 2620
+2 2620
cob=(3)
cfi=(178)
cfn=(714)
calls=2620 3352 
* 288072
* 2620
+1 2621
-3 5242
+6 2
cob=(3)
cfi=(178)
cfn=(714)
calls=1 3352 
* 166
* 1
+5 12

fl=(186)
fn=(654)
4 8
+1 4
+2 4
cob=(3)
cfi=(187) ./libio/./libio/iofopen.c
cfn=(658) fopen@@GLIBC_2.2.5
calls=2 +78 
* 1088
* 2
* 2
+17 4
+2 8
cob=(3)
cfi=(194) ./libio/./libio/fseek.c
cfn=(692) fseek
calls=2 +6 
* 1166
* 2
+1 4
cob=(3)
cfi=(202) ./libio/./libio/ioftell.c
cfn=(730) ftell
calls=2 +7 
* 230
* 2
+1 6
-1 2
+1 2
cob=(3)
cfi=(194)
cfn=(692)
calls=2 +4 
* 430
* 2
-17 8
cob=(3)
cfi=(178)
cfn=(622)
calls=2 3624 
* 13860
* 2
* 2
+1 4
+2 2
fi=(223)
293 6
fe=(186)
14 2
fi=(223)
293 2
cob=(3)
cfi=(204) ./libio/./libio/iofread.c
cfn=(740) fread
calls=2 31 
* 1170
* 2
fe=(186)
17 4
cob=(3)
cfi=(206) ./libio/./libio/iofclose.c
cfn=(760) fclose@@GLIBC_2.2.5
calls=2 +17 
* 1070
* 2
+3 10

fn=(834)
34 2
+1 2
+2 2
+5 2621
+1 2621
fi=(222) /usr/include/string.h
235 5242
cob=(3)
cfi=(193) ./string/../sysdeps/x86_64/multiarch/strchr-avx2.S
cfn=(688) __strchr_avx2
calls=2621 51 
* 55127
* 2621
* 2
cob=(3)
cfi=(193)
cfn=(688)
calls=1 51 
* 21
* 1
fe=(186)
40 5244
+7 3

ob=(2)
fl=(51)
fn=(572) 0x0000000004862000
0 7

fn=(870) 0x00000000049633e0
0 4
cob=(3)
cfi=(205) ./string/../sysdeps/x86_64/multiarch/memmove-vec-unaligned-erms.S
cfn=(872) __mempcpy_avx_unaligned_erms
calls=2 294 
0 37

fn=(904)
0 1
cob=(3)
cfi=(233) ./stdlib/./stdlib/cxa_finalize.c
cfn=(906) __cxa_finalize
calls=1 30 
0 72

fn=(544) 0x000000000483f000
0 6
cob=(5)
cfi=(163)
cfn=(548)
calls=1 0 
0 12
0 1
cob=(5)
cfi=(163)
cfn=(556)
calls=1 0 
0 5
0 2

fn=(712) 0x0000000004963370
0 16
cob=(3)
cfi=(178)
cfn=(714)
calls=8 3352 
0 442

fn=(952) 0x00000000048621e0
0 2
cob=(3)
cfi=(233)
cfn=(906)
calls=1 30 
0 72

fn=(160) 0x0000000004002080
0 2
cob=(1) /usr/lib/x86_64-linux-gnu/ld-linux-x86-64.so.2
cfi=(52) ./elf/./elf/dl-error-skeleton.c
cfn=(162) _dl_catch_error
calls=1 225 
0 2782

fn=(792) 0x00000000049633a0
0 69464
cob=(3)
cfi=(211) ./string/../sysdeps/x86_64/multiarch/memchr-avx2.S
cfn=(794) __rawmemchr_avx2
calls=34732 60 
0 227846900

fn=(660) 0x0000000004963380
0 10
cob=(3)
cfi=(178)
cfn=(662) malloc
calls=5 3287 
0 84570

fn=(920) 0x000000000010b0a0
0 4

fn=(646) 0x0000000004963670
0 4010
cob=(3)
cfi=(184) ./string/../sysdeps/x86_64/multiarch/memset-vec-unaligned-erms.S
cfn=(648) __memset_avx2_unaligned_erms
calls=2005 181 
0 247293

fn=(816) 0x0000000004963480
0 14992
cob=(3)
cfi=(218) ./string/../sysdeps/x86_64/multiarch/strcpy-avx2.S
cfn=(818) __strncpy_avx2
calls=7496 53 
0 288789

fn=(854) 0x00000000049634d0
0 4
cob=(3)
cfi=(193)
cfn=(856) __strchrnul_avx2
calls=2 51 
0 38

fn=(932)
0 2
cob=(3)
cfi=(233)
cfn=(906)
calls=1 30 
0 72

fn=(516) 0x0000000004963650
0 38
cob=(1)
cfi=(10) ./elf/./elf/dl-tunables.c
cfn=(24) __tunable_get_val
calls=19 405 
0 391
cob=(1)
cfi=(159) ./elf/../sysdeps/x86_64/dl-trampoline.h
cfn=(522) _dl_runtime_resolve_xsave
calls=1 67 
0 857
0 5

fn=(566) 0x00000000049635f0
0 2
cob=(3)
cfi=(166) ./string/../sysdeps/x86_64/multiarch/strrchr-avx2.S
cfn=(568) __strrchr_avx2
calls=1 46 
0 28

fn=(592) 0x0000000000109000
0 7

fn=(686) 0x0000000004963600
0 4
cob=(3)
cfi=(193)
cfn=(688)
calls=2 51 
0 42

fn=(924) 0x000000000483f334
0 3
cob=(5)
cfi=(163)
cfn=(926)
calls=1 0 
0 105
0 2

fn=(164) 0x0000000004002050
0 12
cob=(1)
cfi=(52)
cfn=(166) _dl_catch_exception
calls=6 175 
0 15431

fn=(602) 0x00000000049636d0
0 2
cob=(1)
cfi=(49) ./elf/./elf/dl-audit.c
cfn=(606) _dl_audit_preinit
calls=1 117 
0 5
cob=(1)
cfi=(159)
cfn=(522)
calls=1 67 
0 868
0 5

fn=(752) 0x0000000004963620
0 4
cob=(3)
cfi=(205)
cfn=(754) __memcpy_avx_unaligned_erms
calls=2 307 
0 498

fn=(962) 0x00000000048dd8c8
0 4

ob=(1)
fl=(75) ./elf/./elf/dl-version.c
fn=(254) _dl_check_all_versions
361 6
+4 5
-2 2
+4 30
cfn=(256) _dl_check_map_versions
calls=5 155 
* 7148
-2 5
+2 15
-1 5
-1 10
+5 7

fn=(256)
155 40
+15 5
-15 10
+15 10
+2 25
+2 5
+1 5
-1 5
+1 5
+2 10
+3 6
-16 3
-8 3
+28 3
-4 3
+4 6
+16 3
36 6
200 3
36 15
200 2
36 4
200 2
36 10
+1 16
-1 32
+2 63
cfi=(54) ./elf/./elf/dl-misc.c
cfn=(174) _dl_name_match_p
calls=21 +30 
* 2575
* 42
208 15
+5 5
-71 10
+71 15
+8 5
-2 5
-2 10
+4 5
-4 30
+4 8
-2 8
-2 16
+4 8
-4 78
56 52
+8 39
+6 39
+16 13
+1 26
+2 13
+5 117
+14 262
+12 354
+4 118
-30 236
224 52
+3 39
+5 8
-11 8
110 13
+3 52
cfi=(32) ./string/../sysdeps/x86_64/strcmp.S
cfn=(90) strcmp
calls=13 -5 
* 382
* 57
236 20
+5 4
-44 2
+1 2
+52 6
+3 12
+10 56
-7 224
+3 168
-3 12
+3 9
+8 8
+6 4
fi=(28) ./elf/../include/rtld-malloc.h
44 4
fe=(75)
273 4
fi=(28)
44 4
cfi=(27) ./elf/./elf/dl-minimal-malloc.c
cfn=(72) __minimal_calloc
calls=4 +34 
* 144
fe=(75)
272 4
fi=(28)
44 4
fe=(75)
274 8
+13 4
-3 4
+3 16
+2 12
+3 12
+4 15
+7 13
+1 13
-1 39
+1 13
+1 13
-2 13
+2 26
+1 39
+3 39
+5 8
-15 8
+2 8
-2 8
+2 8
-2 8
+2 16
-2 5
+2 5
-2 5
+2 5
-2 5
+2 10
+16 15
+5 2
-28 2
+62 45
-29 12
+3 12
+4 56
+6 56
+1 56
+1 56
-1 168
+1 56
-1 56
+1 56
+1 56
+3 168
+4 56
-14 118
+10 9
164 2
+86 2
-94 2
+94 3

fl=(49)
fn=(206) _dl_audit_objopen
76 3
+1 12

fn=(606)
117 1
+1 4

fn=(922) _dl_audit_objclose
96 5
+1 20

fn=(532) _dl_audit_activity_nsid
40 6
+4 3
-4 3
+4 3
-4 3
+4 3
-4 6
+4 3
+1 3
+1 12
+4 18

fn=(154) _dl_audit_activity_map
28 6
+2 1
-1 1
+1 2
+6 6

fl=(64) ./io/../sysdeps/unix/sysv/linux/close_nocancel.c
fn=(204) __GI___close_nocancel
25 4
+1 16
+1 4

fl=(1) ???
fn=(0) 0x0000000000020290
0 2
cfi=(2) ./elf/./elf/rtld.c
cfn=(2) _dl_start
calls=1 527 
0 200850
0 14
cfi=(162) ./elf/./elf/dl-init.c
cfn=(540) _dl_init
calls=1 77 
0 442
0 3
cob=(6)
cfi=(169)
cfn=(584)
calls=1 0 
0 291581928

fl=(12) ./elf/./elf/dl-sort-maps.c
fn=(246) _dl_sort_maps
290 20
+8 2
-8 2
+8 4
+4 16
-79 4
-37 2
+37 2
-36 8
+1 2
-1 2
+1 2
-1 4
+1 8
-1 8
+1 8
-1 16
+36 30
+8 6
-3 2
+2 2
+1 2
-8 2
+5 2
+3 8
+2 24
+2 10
-90 50
cfn=(248) dfs_traversal.part.0
calls=10 -5 
* 385
+93 20
+18 4
+13 2
+33 2
-26 8
cfi=(29) ./string/../sysdeps/x86_64/multiarch/memmove-vec-unaligned-erms.S
cfn=(80) memcpy
calls=2 -64 
* 38
* 2

fn=(248)
140 80
+10 10
-2 10
+2 20
+2 28
+3 34
-3 68
+9 20
+15 30
+1 10
+1 60
-17 15

fn=(22) _dl_sort_maps_init
281 2
+1 4
cfi=(10)
cfn=(24)
calls=1 405 
* 20
+2 3
-1 1
+2 2

fl=(22) ./string/../sysdeps/x86_64/multiarch/strlen-vec.S
fn=(60) strlen
41 21
+44 21
+1 21
+1 21
+1 21
+1 21
+1 21
+1 21
+2 21
+2 21
+31 21
+1 21
+1 21
+1 21
+1 21
+1 12
+2 12
+4 9
+1 9
+1 9
+1 9
+1 9
+1 9
+1 9
+1 9
+1 9
+1 9
+1 9
+1 9
+5 72

fl=(23) ./elf/../misc/sbrk.c
fn=(62) sbrk
37 5
+3 1
+18 2
+4 2
+16 5

fl=(27)
fn=(76) __minimal_malloc
35 145
+1 29
+11 29
-11 58
+11 58
+3 29
-3 29
+3 166
+18 29
+1 29
+2 116
-16 8
+1 4
+2 2
+1 14
cfi=(60) ./misc/../sysdeps/unix/sysv/linux/mmap64.c
cfn=(194) mmap
calls=2 -12 
* 18
* 2
+2 4
+2 4
+2 2
+4 2
-4 4
-23 1
-1 1
+1 1
+1 2
-2 2

fn=(72)
78 10
+4 10
-4 40
+7 10
+1 30
fi=(28)
-30 10
cfi=(27)
cfn=(76)
calls=10 -21 
* 285
fe=(27)

fn=(144) __minimal_free
95 4
+2 16

fl=(25) ./elf/./elf/dl-environ.c
fn=(68) _dl_next_ld_env_entry
28 3
+1 3
+3 102
+13 92
-13 184
+2 188
+1 42
+5 2
-3 2
+3 2
+2 2
+7 1

fl=(151) ./elf/../sysdeps/nptl/dl-mutex.c
fn=(498) __rtld_mutex_init
30 2
+10 3
-10 1
+10 2
-10 1
+7 1
+3 2
cfi=(152) ./elf/./elf/dl-lookup-direct.c
cfn=(500) _dl_lookup_direct
calls=1 +34 
* 175
+4 2
+1 8
+2 3
-2 1
+2 3
cfi=(152)
cfn=(500)
calls=1 +27 
* 198
+4 2
+1 6
+1 2
-1 1
+1 2

fl=(15) ./elf/../sysdeps/x86/dl-get-cpu-features.c
fn=(502) __x86_cpu_features
71 1
-32 3
+32 2

fn=(32) _dl_x86_init_cpu_features
37 1
+2 3
+2 1
cfi=(16) ./elf/../sysdeps/x86/cpu-features.c
cfn=(34) init_cpu_features.constprop.0
calls=1 399 
* 7219

fl=(19) ./elf/../sysdeps/x86/dl-cacheinfo.h
fn=(46) handle_intel.constprop.0
255 24
-5 24
+16 12
-16 72
+13 12
+1 36
-3 24
+11 60
+5 24
+2 12
+1 12
-1 12
+5 48
cfn=(48) intel_check_word.constprop.0
calls=12 123 
* 3876
+2 24
+3 60
cfn=(48)
calls=12 123 
* 1156
+2 24
+3 5
cfn=(48)
calls=1 123 
* 20
+2 2
+3 5
cfn=(48)
calls=1 123 
* 255
+2 2
-35 3
+39 3
+5 96

fn=(48)
123 78
-4 78
+10 104
-10 26
+10 52
+2 52
+71 200
-71 102
+2 63
+2 126
+8 126
+51 102
+22 51
fi=(20) ./elf/../bits/stdlib-bsearch.h
28 51
-1 102
+4 102
+1 51
fe=(19)
+78 102
fi=(20)
-79 76
+1 38
fe=(19)
+78 76
+3 345
fi=(20)
-84 820
+2 512
+1 256
fe=(19)
+78 512
+15 15
246 104
fi=(20)
37 63
-8 151
fe=(19)
155 36
+3 36
-6 54
+3 14
+9 14
+23 19
-32 57
+3 57
+4 50
+2 100
+2 50
+2 36
+4 11
+2 22
+6 14
+3 8
+1 12
-8 4
+2 4
-1 4
-1 4
+2 8
-2 4
+3 12
-2 12
+2 8
-10 24
+1 10
+11 12
-26 4
+9 4
+23 2
-32 6
+3 6
+4 8
+2 16
+2 8
-11 3
+7 6
+2 12

fn=(52) get_common_cache_info.constprop.0
481 1
+17 1
-17 4
+16 1
-16 1
+15 1
-15 3
+18 1
-1 1
+9 2
+3 3
+11 1
-11 1
-5 1
+21 3
+4 2
681 4
+1 5
+4 2
+9 2
-2 1
+2 2
-1 1
+1 3
535 6
+3 8
+7 2
-7 9
+7 6
+3 26
+14 2
+4 1
+3 1
+1 1
-4 2
+3 3
+6 2
-37 6
+15 2
+4 1
+1 1
-1 2
+18 2
-68 6
+74 4
+8 7
+2 2
+4 3
+2 1
+2 5
-4 1
+16 1
-16 3
+21 2
-21 4
+3 1
+1 4
-4 1
+6 4
+3 2
+5 1
+2 2
+1 1
+1 1
-2 2
+1 1
-19 5
+46 2
+1 1
+1 2
+2 2
-1 3
-23 2
+7 1
+2 2
-16 1
+22 1
-6 2
+1 1
+5 1

fl=(26) ./elf/./elf/dl-object.c
fn=(82) _dl_add_to_namespace_list
31 8
+2 4
-2 8
+2 4
-2 8
+2 4
cfi=(24) ./elf/../sysdeps/nptl/dl-tls_init_tp.c
cfn=(84) rtld_mutex_dummy
calls=4 +9 
* 12
+2 31
+3 36
+2 3
+2 3
+4 3
+4 3
-4 6
+1 3
+4 3
-4 3
+1 3
+3 3
-3 3
+3 3
-1 3
cfi=(24)
cfn=(84)
calls=3 -8 
* 9
-4 1
+4 1
-4 2
+1 1
+4 1
-4 1
+1 1
+3 1
-3 1
+3 1
-1 1
cfi=(24)
cfn=(84)
calls=1 -8 
* 3
-5 2

fn=(70) _dl_new_object
59 56
+3 8
+18 3
+3 3
-3 3
+3 3
cfi=(22)
cfn=(60)
calls=3 -42 
* 69
+4 6
-4 6
+9 6
fi=(28)
-48 9
cfi=(27)
cfn=(72)
calls=3 +34 
* 136
fe=(26)
+48 1
fi=(28)
-48 3
cfi=(27)
cfn=(72)
calls=1 +34 
* 43
* 4
fe=(26)
+51 8
+5 4
-2 4
+6 4
-4 4
+4 4
-5 4
+4 4
+1 4
-1 4
+1 8
cfi=(29)
cfn=(80)
calls=4 212 
* 55
* 8
+2 4
+13 8
+6 1
+2 7
+3 2
-3 21
+3 6
+9 4
-7 4
+4 4
+3 17
+2 1
-2 3
+2 15
-2 45
+16 8
-5 4
+5 4
-6 4
+6 4
-6 4
+6 8
+2 6
+3 6
-3 6
+7 12
+4 6
+8 2
+3 2
+10 3
-10 6
+10 9
+2 3
+21 3
-21 3
cfi=(22)
cfn=(60)
calls=3 41 
* 105
* 9
+17 3
-13 9
+50 9
cfi=(29)
cfn=(128) mempcpy
calls=3 -46 
* 47
* 3
+5 6
+1 6
-1 100
+1 100
+2 6
+3 3
+3 3
+4 36
131 11
-12 6
+34 1
+7 4
+8 12
fi=(28)
56 6
cfi=(27)
cfn=(76)
calls=3 -21 
* 75
* 3
fe=(26)
200 12
64 2
+2 3
+1 2
+10 5
-6 2

fl=(10)
fn=(24)
405 34
+3 238
+9 34
-9 130
+9 10
+17 170
+2 34
-9 24
+1 24

fn=(18) __GI___tunables_init
282 9
-9 7
71 287
+6 94
-3 94
+3 10427
-3 94
-3 188
357 8
81 188
+5 282
fi=(11) ./elf/./elf/dl-tunables.h
+54 94
fe=(10)
-54 94
fi=(11)
+54 94
+1 250
-1 217
+1 62
-1 94
+1 188
fe=(10)
323 376
-18 13160
+6 20680
fi=(11)
140 846
+1 1692
-1 111
+1 444
-1 555
fe=(10)

fn=(54) __GI___tunable_set_val
157 15
-55 5
+55 5
-55 5
+55 5
-55 35
+9 5
+1 5
fi=(237) ./elf/./dl-tunable-types.h
-22 10
fe=(10)
+22 20
+1 40
fi=(11)
+8 10
+1 5
fe=(10)
-6 15
fi=(11)
+15 5
fe=(10)
-12 10
+4 10
+7 10
+1 10
+3 30
+1 5
+1 5
+1 5
+24 5
fi=(11)
-30 15
fe=(10)

fl=(77) ./elf/../sysdeps/x86/dl-cet.c
fn=(270) _dl_cet_check
252 8
42 1
+9 1
-10 1
+4 1
-4 1
+3 1
+4 2
+1 2
-1 2
+14 2
254 8

fl=(43) ./string/../sysdeps/x86_64/memcmp.S
fn=(124) bcmp
22 1
+5 1
+1 1
+1 1
+1 1
+1 1
+1 1
+1 1
+1 1
+3 1
+1 1
+1 1
+1 1
+1 1
+1 1
+1 1
+1 1
+1 1
+2 1
+1 1
+17 1
+1 1
+17 1
+1 1
+1 1
+1 1
+1 1
+4 1
+47 1
+1 1
+1 1
+1 1
+1 1
+1 1
+1 1
+1 1
+1 1
+1 1
+1 1
+1 1
+1 1

fl=(53) ./setjmp/../sysdeps/x86_64/setjmp.S
fn=(168) __sigsetjmp
30 6
+2 6
+9 6
+1 12
+1 6
+4 6
+1 6
+1 6
+1 6
+1 6
+2 12
+2 6
+1 6
+1 6
+2 12
+2 6
+8 6
+3 6
+1 6
+7 6
+1 6

fl=(73) ./malloc/./malloc/scratch_buffer_set_array_size.c
fn=(240) __libc_scratch_buffer_set_array_size
30 30
+4 3
+1 6
+11 3
-1 6
+18 12

fl=(47) ./elf/../elf/dl-tls.c
fn=(238) _dl_assign_tls_modid
131 2
+3 1
+13 1
-13 1
+52 1
+2 1
+3 1
+1 2

fn=(262) _dl_determine_tlsoffset
221 8
+6 3
+3 2
+36 3
+2 1
-2 1
-2 1
-40 1
-1 1
-1 1
+46 2
+23 3
+3 1
-3 4
+2 2
-2 1
-25 1
+20 1
-20 5
+2 2
+3 1
-1 1
+5 2
-5 1
+1 1
-1 1
+3 2
+2 3
+32 3
-1 1
+1 4
+2 2
-2 2
+53 8

fn=(260) _dl_tls_static_surplus_init
97 2
+4 1
-4 2
+4 1
-4 2
+4 3
cfi=(10)
cfn=(24)
calls=1 405 
* 21
* 1
+1 4
cfi=(10)
cfn=(24)
calls=1 405 
* 21
* 1
+8 1
-8 1
+6 2
+2 3
+3 1
+2 1
-32 3
+34 3
+1 5

fn=(480) _dl_allocate_tls_init
528 10
+1 2
+4 1
+6 1
-6 1
+6 1
cfi=(24)
cfn=(84)
calls=1 42 
* 3
+3 3
+12 1
-18 1
-1 1
+43 3
-19 13
+9 3
+1 2
+6 3
+1 1
+2 2
-2 1
+6 1
-4 2
+4 1
-4 2
+3 2
+4 2
+1 4
+2 2
+1 2
+17 1
-8 1
+8 1
+2 3
cfi=(29)
cfn=(128)
calls=1 199 
* 13
* 5
cfi=(44) ./string/../sysdeps/x86_64/multiarch/memset-vec-unaligned-erms.S
cfn=(132) memset
calls=1 125 
* 25
-49 1
+55 1
-55 4
+6 4
+55 2
cfi=(24)
cfn=(84)
calls=1 42 
* 3
+3 2
+3 9

fn=(264) _dl_allocate_tls_storage
422 2
+13 1
-13 2
+2 1
+12 1
fi=(28)
56 1
cfi=(27)
cfn=(76)
calls=1 -21 
* 53
fe=(47)
437 3
+8 2
fi=(28)
44 1
fe=(47)
445 2
+1 1
+4 321
+19 1
-99 1
+4 1
+1 1
fi=(28)
44 1
cfi=(27)
cfn=(72)
calls=1 +34 
* 36
fe=(47)
376 2
+3 1
+6 2
+90 5

fn=(412) _dl_add_to_slotinfo
1015 8
+6 1
+3 1
+1 1
+4 3
+34 2
+3 3
+1 3
+3 6

fn=(148) _dl_count_modids
197 1
+2 2
+1 1
+15 2

fl=(79) ./elf/./elf/dl-lookup.c
fn=(280) _dl_lookup_symbol_x
840 1210
+10 121
-10 242
+10 121
-10 121
+10 121
204 121
840 121
204 605
581 484
-1 242
+2 121
-1 121
+1 363
-1 363
+1 1484
-1 1484
+1 4452
-1 4452
+2 121
846 121
-4 121
+1 121
+7 121
-8 121
+1 121
+7 448
+3 121
+2 242
-2 121
+6 242
-7 726
+7 50
+1 1694
cfn=(282) do_lookup_x
calls=121 363 
* 48232
* 363
+28 121
-23 121
+23 121
-23 242
+24 650
+7 111
-7 111
+40 444
+79 222
-65 333
+3 333
-62 121
+69 1089
-86 60
+18 30
+59 2

fn=(284) check_match
70 114
+3 114
-3 1368
+3 450
+13 111
-13 111
+13 111
-13 111
+13 333
+3 402
cfi=(32)
cfn=(90)
calls=45 +19 
* 2190
* 90
+4 111
+1 222
+2 218
+19 218
+1 872
-38 111
+84 666
-18 4
+2 4
+1 2
-1 4
+1 6
-1 4
+16 18
-45 327
cfi=(32)
cfn=(90)
calls=109 -9 
* 2843
* 218
-44 12
+82 6

fn=(282)
363 968
+1 121
-1 605
+48 121
-30 242
-11 121
+41 121
-30 363
+30 121
fi=(80) ./elf/../sysdeps/generic/dl-protected.h
44 363
fe=(79)
381 121
fi=(80)
44 484
fe=(79)
395 1503
+4 501
+4 501
-3 501
+3 2004
+1 1503
+3 501
+1 1002
+7 501
-3 1002
-2 501
+5 2004
+3 3507
570 1170
374 1002
+3 1002
+4 1002
+4 1002
+4 1002
+88 222
fi=(4) ./elf/../sysdeps/generic/ldsodefs.h
137 222
+1 333
fe=(79)
528 222
fi=(80)
29 222
fe=(79)
535 844
+16 222
+1 111
+1 222
422 504
-1 252
+2 252
+2 1464
+13 465
-10 1330
+3 114
-1 228
+1 114
-1 114
+2 228
-1 1368
cfn=(284)
calls=114 70 
* 11371
+4 342
+3 6
573 10
+1 968
-35 33
-70 22
171 77
452 888

fl=(2)
fn=(258) init_tls
756 3
+2 1
+4 1
-4 1
+4 2
+11 1
fi=(28)
44 1
fe=(2)
768 1
+4 1
fi=(28)
44 1
cfi=(27)
cfn=(72)
calls=1 +34 
* 36
fe=(2)
783 1
-12 1
+6 1
-9 1
+11 1
+4 1
+2 3
-1 2
+3 10
+4 1
+2 1
-2 2
-5 1
-1 2
+10 3
+3 2
cfi=(47)
cfn=(260)
calls=1 97 
* 79
+3 1
cfi=(47)
cfn=(262)
calls=1 221 
* 76
+7 1
cfi=(47)
cfn=(264)
calls=1 422 
* 442
* 1
+1 2
+6 1
+3 2
-3 1
+3 6
+3 1
cfi=(24)
cfn=(266) __tls_init_tp
calls=1 68 
* 75
+1 1
+3 5
-39 4
-1 9

fn=(252) version_check_doit
696 3
+2 4
cfi=(75)
cfn=(254)
calls=1 361 
* 7233
* 2
+4 2

fn=(64) dl_main
1320 2
205 1
311 1
1320 2
2818 1
1320 3
2829 1
1320 2
2698 1
1320 2
311 1
1320 3
207 1
310 1
205 1
+99 3
1332 1
cfi=(24)
cfn=(66) __tls_pre_init_tp
calls=1 53 
* 17
2677 3
+6 5
-4 1
+4 1
+2 3
cfi=(25)
cfn=(68)
calls=1 28 
* 87
* 4
cfi=(25)
cfn=(68)
calls=2 28 
* 536
* 9
+4 6
-2 2
+2 6
+1 2
-1 6
+1 17
-1 89
+9 12
2845 4
+32 2
1348 1
+1 2
-1 2
+1 2
2774 3
+1 3
-56 2
+7 2
1627 9
cfi=(26)
cfn=(70)
calls=1 59 
* 230
* 1
+2 2
+1 1
+6 2
-6 1
+1 2
+1 3
+4 1
cfi=(26)
cfn=(82)
calls=1 31 
* 36
+1 2
1140 1
1326 1
1169 1
-29 1
+11 1
+18 2
-21 1
+21 1
-19 1
-4 1
+23 1
-21 1
+21 2
+57 1
-83 1
+23 1
+4 1
+19 1
+22 1
+15 5
-56 116
1275 4
+2 1
1169 18
fi=(30) ./elf/../sysdeps/x86/dl-prop.h
105 2
fe=(2)
1282 22
+6 4
cfi=(31) ./elf/./elf/dl-load.c
cfn=(88) _dl_process_pt_gnu_property
calls=1 868 
* 20
-7 26
+1 13
+6 13
-6 26
fi=(30)
212 4
+1 2
95 8
+10 2
212 1
105 1
-2 1
-3 1
+2 1
+3 1
-4 2
+92 4
-1 1
-87 3
+3 3
+1 2
+1 2
+4 3
+4 3
+3 3
+1 2
+4 1
+1 4
+4 2
+1 1
+3 2
+3 1
+1 4
+5 2
+2 2
+5 2
+14 1
-1 2
+2 2
fe=(2)
1174 1
-5 1
+5 2
-5 2
+30 1
-9 1
+27 1
-27 1
+2 1
-3 1
+10 2
-20 2
-10 1
+10 1
+1 9
-11 2
+57 4
-1 4
+1 8
-1 4
+2 8
+1 1
+2 12
+1 14
+4 8
+1 8
+1 4
+1 10
+1 1
+4 1
-74 1
+74 2
-74 2
+74 3
-74 3
+74 6
-74 6
1271 1
1169 1
1271 1
1169 2
1294 1
+3 2
+2 1
-5 2
+3 2
+2 2
+2 2
1662 3
+2 1
-1 1
+1 2
+1 2
-2 1
+2 1
-2 2
cfi=(32)
cfn=(90)
calls=1 108 
* 34
* 2
+7 1
+3 1
-5 1
+3 1
+2 1
+1 2
+4 2
+2 2
fi=(3) ./elf/./get-dynamic-info.h
39 3
+6 1
-2 1
+2 2
+9 1
+5 1
+3 1
+2 1
-3 1
-3 1
-3 17
+13 5
-23 20
+23 22
-23 88
+4 54
+5 24
+2 5
+16 3
+25 3
+5 2
+7 2
+1 3
+22 3
+5 2
+2 2
+2 2
+2 2
+1 1
+3 3
+2 3
+1 2
+9 2
+6 2
+1 2
+3 2
fe=(2)
1688 3
+7 2
cfi=(8) ./elf/./elf/dl-setup_hash.c
cfn=(14) _dl_setup_hash
calls=1 25 
* 29
+3 2
fi=(33) ./elf/./setup-vdso.h
24 2
fi=(35) ./elf/../sysdeps/unix/sysv/linux/dl-vdso-setup.h
+21 1
fe=(2)
1723 1
cfi=(13) ./elf/../sysdeps/unix/sysv/linux/dl-sysdep.c
cfn=(100) _dl_discover_osversion
calls=1 46 
* 80
* 8
fi=(37) ./elf/./dl-main.h
109 5
cfi=(31)
cfn=(106) _dl_init_paths
calls=1 706 
* 2926
fe=(2)
1731 3
cfi=(46) ./elf/./elf/dl-debug.c
cfn=(146) _dl_debug_initialize
calls=1 56 
* 30
+7 1
-7 1
+2 1
+5 1
+4 1
+3 1
-3 3
+1 2
+3 1
+5 1
-7 1
+7 1
+1 3
+12 2
+1 2
+5 1
-3 2
+2 1
+1 2
+5 3
+1 5
-1 2
233 1
-1 1
+1 3
+1 2
-2 1
+2 2
1793 2
+5 1
-1 1
+1 1
+24 1
cfi=(47)
cfn=(148)
calls=1 197 
* 6
* 1
fi=(48) ./elf/../sysdeps/generic/dl-debug.h
29 3
+1 2
fe=(2)
1828 2
+1 1
cfi=(46)
cfn=(152) _dl_debug_state
calls=1 116 
* 2
+1 1
+4 3
cfi=(49)
cfn=(154)
calls=1 28 
* 16
+5 3
+2 1
+2 2
+9 2
+16 4
cfi=(65) ./io/../sysdeps/unix/sysv/linux/access.c
cfn=(208) access
calls=1 25 
* 9
* 2
+76 4
+16 3
85 1
1970 1
85 2
1970 2
85 1
1970 5
cfi=(66) ./elf/./elf/dl-deps.c
cfn=(210) _dl_map_object_deps
calls=1 159 
* 14926
92 1
1976 1
92 2
+9 2
1976 2
+1 5
-1 4
+1 8
-1 16
+4 4
+1 3
+1 1
+2 2
+1 4
-1 13
+1 12
+12 3
+1 2
+2 1
+2 3
+2 1
-4 1
+5 1
-1 2
+14 2
+1 2
+1 3
+11 2
+2 1
-2 1
+2 2
-2 1
+1 2
+1 1
-1 2
+1 1
cfi=(52)
cfn=(250) _dl_receive_error
calls=1 238 
* 7261
+10 2
+1 2
+3 2
862 1
fi=(238) ./elf/../sysdeps/unix/sysv/linux/dl-osinfo.h
64 2
fe=(2)
864 1
+6 1
+3 1
+7 1
-5 1
2052 3
2282 3
1778 2
+6 1
-6 2
+6 1
+2 3
fi=(30)
198 4
+2 1
+1 1
+2 1
-3 3
+3 1
fi=(3)
59 4
+3 4
+2 4
fi=(34) ./elf/../sysdeps/unix/sysv/linux/dl-vdso.h
-24 1
+1 2
fe=(2)
2331 1
1325 1
2342 1
-4 2
+10 1
-6 1
+6 1
+3 2
+8 1
fi=(30)
36 1
fe=(2)
2359 1
fi=(30)
37 3
+3 1
+13 7
-13 4
+9 8
-9 1
+9 25
+4 20
-16 15
+34 3
cfi=(77)
cfn=(270)
calls=1 252 
* 30
fe=(2)
2361 2
+54 3
+3 1
85 4
2422 1
+1 22
+2 10
+5 10
+2 10
+6 5
+2 15
+1 32
cfi=(78) ./elf/./elf/dl-reloc.c
cfn=(272) _dl_relocate_object
calls=4 194 
* 97932
+4 12
+1 2
-23 1
+23 1
cfi=(47)
cfn=(412)
calls=1 1015 
* 28
-23 6
92 3
+1 1
2454 1
93 1
2454 1
+5 4
+2 1
+7 3
cfi=(47)
cfn=(480)
calls=1 528 
* 146
+3 2
fi=(3)
72 2
+10 3
+1 4
+1 4
+1 4
+2 4
+5 4
+1 4
+1 5
fi=(35)
-64 3
+3 1
+3 1
+3 1
fi=(34)
+16 2
fe=(2)
2434 1
+1 1
-3 2
+49 3
+2 4
+10 1
cfi=(147) ./elf/./elf/dl-find_object.c
cfn=(482) _dl_find_object_init
calls=1 561 
* 713
+5 2
cfi=(7) ./elf/./elf/dl-minimal.c
cfn=(490) __rtld_malloc_init_real
calls=1 76 
* 2548
+3 1
cfi=(151)
cfn=(498)
calls=1 30 
* 415
85 1
2507 1
+1 3
85 3
2508 2
cfi=(78)
cfn=(272)
calls=1 194 
* 5070
92 3
+9 2
2516 3
cfi=(153) ./elf/./elf/dl-call-libc-early-init.c
cfn=(504) _dl_call_libc_early_init
calls=1 27 
* 1353
+7 1
cfi=(9) ./elf/../elf/dl-sysdep.c
cfn=(530) _dl_sysdep_start_cleanup
calls=1 262 
* 2
+4 3
cfi=(49)
cfn=(532)
calls=1 40 
* 21
+5 2
cfi=(46)
cfn=(186) _dl_debug_update
calls=1 38 
* 7
+1 1
-1 1
+2 1
cfi=(46)
cfn=(152)
calls=1 116 
* 2
+1 1
+4 1
cfi=(68) ./elf/./elf/dl-cache.c
cfn=(534) _dl_unload_cache
calls=1 537 
* 18
+5 8
1741 4
1995 2
+50 2
cfn=(258)
calls=1 756 
* 789
* 2
2726 4
+2 2
+1 1
+46 2
+2 1
+1 1
-1 1
+1 1
+1 1
85 1
1847 1
85 2
1847 1
85 1
1847 2
cfn=(156) handle_preload_list
calls=1 894 
* 3107
* 1
92 3
+9 3
1948 16
+1 1
-1 1
+4 3
+1 1
+1 2
+1 2
-7 2
fi=(30)
170 3
-39 2
fe=(2)

fn=(2)
527 10
85 1
fi=(6) ./elf/../sysdeps/x86_64/dl-machine.h
-40 1
fe=(2)
557 1
-4 1
85 2
556 1
85 1
fi=(3)
-40 1
fe=(2)
556 1
fi=(3)
45 2
+9 1
+5 1
+3 1
+2 1
+4 1
-7 1
-3 1
-3 14
+13 4
-23 16
+23 14
-23 56
+4 36
+5 20
+2 5
+3 4
fi=(4)
+21 1
fi=(3)
-8 3
+10 4
+1 4
+1 4
+1 4
+2 4
+5 4
+1 4
+1 4
+3 3
+5 2
+7 3
+1 3
+8 2
+1 2
+5 3
+3 3
fe=(2)
573 1
fi=(6)
71 1
fe=(2)
573 42
fi=(6)
414 1
fi=(5) ./elf/./elf/do-rel.h
86 1
fe=(2)
573 2
fi=(5)
49 1
+37 1
-37 1
+37 1
+2 1
-2 1
+2 1
-2 1
+27 2
-27 1
fe=(2)
573 2
fi=(5)
49 1
+37 1
-37 1
+37 1
+2 1
-2 1
+2 1
-2 1
+27 3
+1 2
fi=(6)
534 2
fi=(5)
114 282
fi=(6)
534 282
+1 142
fi=(5)
113 142
fi=(6)
535 284
fi=(5)
113 284
+5 4
+8 7
fi=(6)
326 12
fi=(5)
126 21
+2 7
+2 7
-2 7
fi=(6)
287 7
fi=(5)
130 7
-2 7
+1 14
fi=(6)
287 14
+9 70
+3 14
+27 33
fe=(2)
573 6
fi=(5)
50 1
fi=(4)
+30 2
fi=(6)
326 2
+20 12
+1 6
fe=(2)
575 1
+13 1
cfi=(7)
cfn=(12) __rtld_malloc_init_stubs
calls=1 42 
* 10
+4 2
85 1
488 2
85 3
488 1
cfi=(8)
cfn=(14)
calls=1 25 
* 29
+2 2
-1 1
+1 2
+17 1
-15 1
-2 1
+17 1
-15 1
+9 1
-11 1
+17 1
cfi=(9)
cfn=(16) _dl_sysdep_start
calls=1 85 
* 198757
* 1
+2 2
+98 9
fi=(3)
62 4
+2 4
fe=(2)
573 3

fn=(156)
894 10
+5 1
-5 2
+5 2
+6 1
-64 1
+54 3
+7 3
cfi=(50) ./string/../sysdeps/x86_64/strcspn.S
cfn=(158) strcspn
calls=1 25 
* 233
* 1
+1 3
+9 1
191 1
914 2
191 2
916 2
-80 1
+5 5
-10 1
+8 1
-4 1
+1 1
+1 1
+4 1
cob=(2)
cfi=(51)
cfn=(160)
calls=1 0 
* 2784
+1 3
+8 3
+67 1
-18 2
+21 9
-15 4
cfi=(29)
cfn=(80)
calls=1 212 
* 19
+1 2

fn=(170) map_doit
663 2
+2 1
-2 1
+2 1
+1 2
-1 2
+1 3
cfi=(31)
cfn=(172) _dl_map_object
calls=1 2022 
* 2683
* 1
+2 2

fl=(152)
fn=(500)
74 30
+2 3
-2 3
+4 3
-4 3
+2 3
+2 9
+37 3
-37 9
+1 6
+2 12
+3 25
-52 3
+54 6
-54 3
+54 3
-54 9
+1 9
+2 6
+1 6
+12 12
+3 3
+2 3
-2 3
+2 9
cfi=(32)
cfn=(90)
calls=3 +55 
* 207
* 6
+4 6
+1 3
-1 3
+1 18
+1 9
cfi=(32)
cfn=(90)
calls=3 +49 
* 75
* 6
+57 27
-23 6

fl=(41) ./elf/./elf/dl-hwcaps_split.c
fn=(122) _dl_hwcaps_split
25 4
+1 3
+21 1
-20 1
+20 3

fn=(120) _dl_hwcaps_contains
66 6
+1 12
+1 6
+9 6

fn=(116) _dl_hwcaps_split_masked
51 55
-25 42
+4 24
+4 48
+1 12
-1 24
+2 24
+5 27
cfi=(42) ./string/../sysdeps/x86_64/multiarch/../strchr.S
cfn=(118) index
calls=9 -18 
* 216
+1 18
+3 6
+11 12
+1 12
+1 6
-1 6
+1 6
-2 6
+1 6
+1 3
-1 3
+1 27
cfn=(120)
calls=6 +8 
* 30
* 12
-3 5
+7 44
-19 6
cfi=(22)
cfn=(60)
calls=3 -2 
* 51
* 3

fl=(55) ./io/../sysdeps/unix/sysv/linux/open64_nocancel.c
fn=(178) __open_nocancel
28 15
+3 15
-3 45
+3 90
+8 105
+2 4
-2 33
+2 11

fl=(39) ./elf/../sysdeps/x86_64/dl-hwcaps-subdirs.c
fn=(110) _dl_hwcaps_subdirs_active
29 1
fi=(18) ./elf/../sysdeps/x86/get-isa-level.h
+2 1
fe=(39)
+7 1
fi=(18)
-7 2
-1 2
fe=(39)
+22 1
fi=(18)
-20 3
+4 1
fe=(39)
+2 1
fi=(18)
-2 2
+3 4
+1 4
+5 1
fe=(39)
-7 1
fi=(18)
+7 3
fe=(39)
-2 1
fi=(18)
+5 2
+1 3
+2 4
+1 2
+1 2
+6 1
fe=(39)
-11 1
fi=(18)
+11 1
-3 2
fe=(39)

fl=(59) ./io/../sysdeps/unix/sysv/linux/fstatat64.c
fn=(192) fstatat
153 28
-55 28
+70 33
+1 5
-2 18
+1 18

fl=(29)
fn=(80)
212 21
+1 21
+6 21
+1 21
+2 14
+1 14
+1 14
+2 8
+1 8
+1 8
+2 8
360 7
+1 7
+2 1
+4 1
+1 1
+1 1
+1 1
+1 1
+4 1
+2 1
+39 6
+1 6
+1 6
+1 6
+1 6
+7 6
+1 6
+1 6
+1 6
+1 6
+1 6
+1 6
+11 6
+1 6
+2 6
+1 6
+1 6

fn=(128)
199 36
+1 36
+1 36
+1 36
+17 36
+1 36
+2 7
+1 7
+1 7
+2 6
+1 6
+1 6
+2 6
360 29
+1 29
+2 9
+4 9
+1 4
+1 4
+1 2
+1 2
+1 2
+1 2
+2 2
+2 4
+6 5
+1 5
+1 5
+1 5
+1 5
+29 20
+1 20
+1 20
+1 20
+1 20
+7 1
+1 1
+1 1
+1 1
+1 1
+1 1
+1 1
+11 1
+1 1
+2 1
+1 1
+1 1

fl=(7)
fn=(494) lookup_malloc_symbol
61 8
+3 4
-3 16
+3 4
-3 4
+3 8
-1 4
+1 12
cfi=(79)
cfn=(280)
calls=4 840 
* 2280
+4 28
+1 28
+2 4
fi=(150) ./elf/./dl-sym-post.h
-30 8
+12 12
fe=(7)
+19 20

fn=(136) strsep
239 2
+3 4
+2 2
+1 4
+4 33
+7 84
-2 56
+13 1
+4 4
-22 14
+15 14
-15 30

fn=(490)
76 2
+10 1
fi=(149) ./elf/../sysdeps/generic/dl-hash.h
-41 1
fe=(7)
+31 1
fi=(149)
-32 1
fe=(7)
+32 5
+11 1
-1 1
fi=(149)
-43 1
+5 3
+14 4
-17 3
+3 15
+14 20
-17 15
fe=(7)
+46 2
fi=(149)
-24 1
fe=(7)
+22 1
+2 2
fi=(149)
-19 1
fe=(7)
+19 1
cfn=(494)
calls=1 -30 
* 619
+1 3
-1 1
+1 1
cfn=(494)
calls=1 -31 
* 619
+1 3
-1 1
+1 1
cfn=(494)
calls=1 -32 
* 605
+1 3
-1 1
+1 1
cfn=(494)
calls=1 -33 
* 597
+5 1
+1 1
+1 1
+1 1
+1 7

fn=(12)
42 1
+1 2
+1 2
+1 2
+1 2
+1 1

fl=(50)
fn=(158)
25 1
+2 1
+7 1
+1 1
+2 1
+1 1
+1 1
+1 1
+1 33
+3 3
+7 1
+1 1
+1 1
+1 1
+2 1
+1 1
+1 1
+1 1
+2 1
+1 1
+1 1
+9 3
+12 1
+2 1
+1 1
+1 1
-4 12
+2 12
+1 12
+1 12
+2 13
+1 13
+1 13
+2 13
+1 13
+1 13
+2 13
+1 13
+1 13
+2 1
+1 1
+1 1
+2 1
+7 1
+4 1

fl=(160) ./elf/./elf/dl-runtime.c
fn=(524) _dl_fixup
46 16
+2 10
+1 2
+6 2
fi=(239) ./elf/../sysdeps/x86_64/dl-runtime.h
-27 2
fe=(160)
+21 2
+5 2
+1 2
-6 2
+6 4
+1 2
+2 2
-2 2
+2 2
-2 10
+7 4
+4 4
+4 6
+4 6
+1 8
-7 8
+16 2
-1 2
+1 4
+10 20
cfi=(79)
cfn=(280)
calls=2 840 
* 1451
* 2
+4 10
+10 20
+15 8
+9 6
+26 6
fi=(6)
+70 2
fe=(160)
-66 12

fl=(46)
fn=(152)
116 2
+1 2

fn=(146)
56 1
+3 2
+4 1
-6 1
+4 1
+2 2
+22 2
+5 2
+1 1
+1 1
-1 1
-1 1
+5 2
+4 2
+8 2
-43 2
+32 6

fn=(186)
38 4
+3 4
-1 8
+4 8
+4 4

fl=(66)
fn=(214) openaux
61 15
+7 5
-4 10
+1 5
-1 40
cfi=(31)
cfn=(172)
calls=5 2022 
* 12289
* 5
+5 10

fn=(210)
159 5
+1 3
-1 1
+1 1
-1 2
+1 1
-1 3
+1 1
-1 4
+1 12
-8 1
-7 1
+15 1
-14 1
+6 1
+8 1
-15 1
+7 1
-8 1
+1 1
+7 1
-7 1
+31 3
-28 3
-2 1
+31 1
-33 2
+2 2
+30 2
-30 1
-1 4
+7 4
+24 2
-32 1
+60 1
-60 2
+36 1
fi=(74) ./elf/../include/scratch_buffer.h
77 3
fe=(66)
198 1
fi=(74)
78 1
fe=(66)
200 2
+98 1
198 1
+4 1
+7 1
+4 4
-4 4
+4 16
+11 14
-18 2
+18 4
433 15
+2 3
+3 3
-3 6
+3 3
fi=(28)
56 3
cfi=(27)
cfn=(76)
calls=3 -21 
* 75
* 3
fe=(66)
439 6
+6 3
+1 15
cfi=(29)
cfn=(80)
calls=3 212 
* 33
+1 15
cfi=(29)
cfn=(80)
calls=3 212 
* 33
+4 3
-1 3
+5 20
204 12
458 12
-1 5
+1 10
199 3
+27 15
+5 3
+6 3
-5 3
-1 3
+2 6
+4 12
-31 3
+31 3
+1 9
+6 12
cfi=(31)
cfn=(212) _dl_dst_count
calls=3 -6 
* 150
* 8
cfi=(31)
cfn=(212)
calls=2 -6 
* 108
* 15
+4 10
-2 5
+2 10
cob=(2)
cfi=(51)
cfn=(164)
calls=5 0 
* 12684
+1 10
+9 5
+2 10
+5 15
+6 3
+2 3
-8 6
+3 3
+1 3
+1 3
+1 3
+4 15
+4 15
+1 9
-43 320
+1 154
+44 225
-38 10
fi=(74)
85 3
fe=(66)
464 6
+1 1
+3 4
+11 3
fi=(28)
56 1
cfi=(27)
cfn=(76)
calls=1 -21 
* 25
* 1
fe=(66)
481 2
+5 3
+1 1
-1 2
+4 2
-2 1
+2 1
-2 2
+13 4
+5 4
-16 12
-2 4
+6 4
+7 4
-2 8
-5 1
+7 1
-2 2
+2 2
+5 1
-16 6
+19 2
+52 3
+37 3
+15 1
-11 1
+11 1
-14 2
+20 1
-1 3
+1 3
-1 5
cfi=(12)
cfn=(246)
calls=1 290 
* 330
+5 1
+3 1
-1 1
+2 2
+7 3
+3 3
+3 8
214 32
+3 3
fi=(74)
-86 9
cfi=(73)
cfn=(240)
calls=3 30 
* 60
fe=(66)
+86 6
+4 9
613 2
cfi=(29)
cfn=(80)
calls=1 212 
* 19
* 1
-53 2
160 2
380 8

fl=(147)
fn=(482)
561 4
+3 1
+2 2
+13 1
cfn=(486) _dlfo_process_initial
calls=1 474 
* 95
+1 1
-1 1
+1 1
fi=(28)
56 1
cfi=(27)
cfn=(76)
calls=1 -21 
* 25
fe=(147)
580 1
fi=(28)
56 1
fe=(147)
582 2
+3 2
+5 1
+1 1
cfn=(486)
calls=1 474 
* 358
+3 3
+10 4
-37 2
cfi=(148) ./elf/./dl-find_object.h
cfn=(484) _dl_find_object_from_map
calls=1 95 
* 68
* 1
+29 2
cfn=(488) _dlfo_sort_mappings
calls=1 -60 
* 128
+3 6
+2 1

fn=(486)
474 2
+3 2
-3 2
+1 2
+3 4
+26 14
+1 6
+1 10
-1 20
+3 36
+3 32
-7 10
+25 2
+2 8
-18 24
+3 8
-1 8
cfi=(148)
cfn=(484)
calls=4 95 
* 247
+2 16

fn=(488)
536 1
+1 2
+3 4
+4 1
+1 1
-1 1
+1 2
-1 2
+1 2
-1 2
+1 10
+1 36
-1 18
+8 9
+1 6
-1 3
-13 6
+14 9
+1 6
-15 6
+17 1

fl=(31)
fn=(138) expand_dynamic_string_token
385 14
241 2
385 2
241 2
385 2
241 2
cfi=(42)
cfn=(118)
calls=2 23 
* 72
+3 4
410 2
-11 2
+11 12
-11 2
cfi=(45) ./string/./string/strdup.c
cfn=(140) strdup
calls=2 40 
* 168

fn=(134) fillin_rpath.isra.0
468 7
+4 1
-4 8
+6 3
cfi=(7)
cfn=(136)
calls=1 239 
* 240
* 3
cfi=(7)
cfn=(136)
calls=1 239 
* 8
* 6
+7 2
+2 3
cfn=(138)
calls=1 -98 
* 118
* 1
+4 2
+5 2
cfi=(22)
cfn=(60)
calls=1 41 
* 17
* 1
+1 2
+7 5
+9 15
+1 8
+55 2
fi=(28)
50 2
cfi=(27)
cfn=(144)
calls=1 +45 
* 5
+1 1
fe=(31)
528 2
+4 3
fi=(28)
56 1
cfi=(27)
cfn=(76)
calls=1 -21 
* 25
* 1
fe=(31)
534 2
+5 1
+1 2
-1 1
-1 1
+2 1
cfi=(29)
cfn=(128)
calls=1 199 
* 13
+3 1
-3 1
+1 1
+2 1
+6 1
+1 1
-1 3
+1 11
+1 1
-1 1
+1 2
-1 2
+1 1
-1 1
+1 2
-1 6
+1 1
-1 1
+1 1
-1 3
+1 1
-1 2
+3 1
+1 1
-1 1
+1 2
+1 1
+6 2
+1 2
-57 4
+66 1
+3 8
-46 4

fn=(176) open_verify.constprop.1
1568 11
+39 3
+19 4
cfi=(55)
cfn=(178)
calls=1 28 
* 19
* 1
+2 2
+11 1
+6 2
-5 1
+5 8
cfi=(56) ./io/../sysdeps/unix/sysv/linux/read_nocancel.c
cfn=(180) __read_nocancel
calls=1 25 
* 6
+2 2
+2 2
+2 2
+6 2
+17 11
fi=(28)
50 2
cfi=(27)
cfn=(144)
calls=1 +45 
* 5
fe=(31)
1856 9
1674 3
+74 2
+5 2
+2 4
+6 2
+6 1
+1 1
-1 3
+1 1
-1 1
+1 2
+1 2
+20 3
+31 1
-31 1
1633 1
1820 2
-31 66
+1 28
+1 8
+4 8
+25 12
+3 18
+3 2
-4 2
+4 4
+6 4
-36 6

fn=(184) _dl_map_object_from_fd
944 30
+10 3
-10 12
+10 3
cfi=(46)
cfn=(186)
calls=3 38 
* 21
* 3
+7 12
+85 12
+10 6
+7 21
cfi=(26)
cfn=(70)
calls=3 59 
* 1078
* 3
+1 6
+11 6
+5 3
-5 3
+1 6
+1 3
+2 3
-2 3
+2 6
+1 9
+1 4
+19 4
-2 2
+2 22
-2 1
+2 40
+10 12
+85 3
-58 3
-34 3
-1 3
+93 3
+6 3
-64 6
+9 3
+55 6
-55 3
-42 3
+97 6
1101 3
-5 6
+15 86
+20 2
+1 1
-22 99
+1 185
1213 6
1110 3
1213 6
1110 9
1218 9
+10 6
+1 3
-1 3
+1 3
-1 9
+1 9
-1 9
+1 9
-1 27
1076 6
1235 6
+10 12
+7 6
fi=(61) ./elf/./dl-map-segments.h
96 3
fe=(31)
1252 9
fi=(61)
28 3
fe=(31)
1252 3
fi=(61)
96 3
fe=(31)
1252 3
fi=(61)
28 6
+1 24
cfi=(60)
cfn=(194)
calls=3 +18 
* 27
+74 6
-1 3
-73 3
+74 3
+3 6
+1 3
+2 3
-3 3
+1 3
+2 3
+7 8
+3 4
cfi=(72) ./misc/../sysdeps/unix/syscall-template.S
cfn=(236) mprotect
calls=1 -2 
* 6
* 3
+7 3
+2 3
fi=(62) ./elf/./dl-load.h
-37 24
+1 9
+2 24
fi=(61)
+56 48
+8 3
-2 3
+1 3
+2 3
-1 3
+1 3
-1 9
+8 6
+3 6
+8 21
cfi=(44)
cfn=(132)
calls=3 -52 
* 251
+1 6
+5 6
+12 12
-59 60
+2 18
+3 9
-3 18
+2 72
cfi=(60)
cfn=(194)
calls=9 -93 
* 81
* 27
fi=(57) ./elf/../sysdeps/posix/dl-fileid.h
37 9
cfi=(58) ./io/../sysdeps/unix/sysv/linux/fstat64.c
cfn=(190) fstat
calls=3 -8 
* 45
* 6
fe=(31)
999 6
fi=(57)
40 9
fe=(31)
999 3
fi=(57)
40 3
fe=(31)
999 39
+1 18
fi=(57)
49 24
fe=(31)
1515 27
1018 6
+66 13
+1 2
-1 1
+1 1
-1 1
+1 1
cfi=(71) ./io/../sysdeps/unix/sysv/linux/pread64_nocancel.c
cfn=(234) __pread64_nocancel
calls=1 25 
* 7
* 2
+26 38
+26 72
+10 12
-1 12
-1 12
+2 12
+2 12
-2 12
-1 72
+2 24
+1 12
+2 12
-3 12
+3 72
+2 24
+4 24
+1 45
+4 9
+1 9
-1 9
+1 63
-18 9
+28 9
-11 3
+1 3
-1 3
+1 21
-18 3
+28 3
-56 6
+7 3
+2 3
-2 3
+1 3
+1 3
-1 6
+1 24
+50 3
+5 1
-1 2
+5 1
-5 2
-56 1
+61 4
+1 1
+3 1
-3 1
+8 4
+15 6
+1 3
+58 12
+1 9
fi=(63) ./elf/./elf/get-dynamic-info.h
39 6
+6 3
-2 3
+2 6
+9 3
+5 3
+3 3
+2 3
-3 3
-3 3
-3 48
+13 14
-23 56
+23 52
-23 208
+4 132
+5 68
+2 15
+3 12
+13 12
+10 11
+1 12
+1 12
+1 12
+2 12
+5 11
+1 11
+1 12
+3 9
+5 4
+7 6
+1 9
+22 9
+5 4
+2 4
+2 4
+2 4
+4 9
+2 3
+1 2
+9 2
+6 2
+4 6
fe=(31)
1275 6
+1 6
+2 6
+10 9
+19 9
+2 15
+52 9
+1 2
+6 24
+1 60
+6 12
cfn=(88)
calls=3 868 
* 60
-7 78
+1 36
+6 36
-6 72
fi=(30)
95 24
213 3
-1 6
105 6
212 3
105 3
-2 3
-3 3
+2 3
+3 3
-4 6
+92 12
-1 3
-87 9
+3 9
+1 6
+1 6
+4 9
+4 9
+3 9
+1 6
+4 3
+1 12
+58 9
+2 12
-56 10
+1 5
+3 10
+3 5
+1 20
+5 10
+2 10
+5 10
+14 5
-1 10
+2 4
-1 6
fe=(31)
1380 6
cfi=(64)
cfn=(204)
calls=3 25 
* 18
* 6
+13 6
+2 12
+2 6
+16 6
cfi=(8)
cfn=(14)
calls=3 25 
* 87
+4 6
+1 6
+17 6
+1 1
+3 1
+5 1
-5 1
+5 1
-5 2
+5 2
-5 2
+5 2
+10 6
+7 18
+10 6
+1 4
+5 2
cfi=(47)
cfn=(238)
calls=1 131 
* 10
+7 9
cfi=(26)
cfn=(82)
calls=3 31 
* 147
+3 12
+23 21
+1 9
cfi=(49)
cfn=(206)
calls=3 76 
* 15
* 3
fi=(62)
95 10
+2 2
-1 4
+1 2
-1 2
+1 2
-1 2
+1 2
-1 4
+3 8
fe=(31)
1506 15
fi=(30)
198 12
+2 3
+1 3
+2 3
-3 9
fe=(31)
1368 9
fi=(63)
62 12
+2 12
fe=(31)
1084 2
fi=(61)
187 8
cfi=(60)
cfn=(194)
calls=1 47 
* 9
+3 2
fe=(31)
1462 9
+2 2
-1 10
+1 2
-1 2
+1 2
-1 2
cfi=(32)
cfn=(90)
calls=2 108 
* 50
* 4
+2 5
1275 4
fi=(57)
49 3
fi=(30)
170 6
-39 4
fe=(31)

fn=(172)
2022 60
+8 12
+1 24
+3 93
+5 126
+2 54
cfi=(54)
cfn=(174)
calls=18 68 
* 2226
* 36
+4 30
+1 45
+4 6
-1 30
+1 6
+1 6
-1 6
+1 6
cfi=(32)
cfn=(90)
calls=6 108 
* 252
* 12
2329 54
2068 3
+1 3
-1 3
+1 3
-1 3
+1 3
-1 6
-44 3
+53 9
+17 6
-2 3
+2 3
cfi=(42)
cfn=(118)
calls=3 23 
* 72
* 6
2260 2
-1 3
cfn=(138)
calls=1 385 
* 168
+2 1
-3 1
+1 1
+2 2
+4 5
cfn=(176)
calls=1 1568 
* 283
+3 2
-3 1
+3 1
+12 4
+46 1
+1 3
-1 1
+1 9
cfn=(184)
calls=1 944 
* 1819
-1 2
+1 6
-1 2
+1 18
cfn=(184)
calls=2 944 
* 4130
* 9
2098 4
cfi=(22)
cfn=(60)
calls=2 41 
* 34
* 4
+2 4
+7 8
+51 22
cfn=(216) open_path
calls=2 1870 
* 1944
+6 2
-6 2
+6 8
682 2
2165 2
682 4
2252 4
+28 8
+2 8
2111 2
696 6
2111 2
+1 2
696 4
2116 6
682 2
2117 2
682 4
2173 2
+14 4
+2 6
+4 4
cfi=(68)
cfn=(222) _dl_load_cache_lookup
calls=2 416 
* 2421
* 2
+2 4
+4 4
+8 6
+23 12
cfn=(218) open_verify.constprop.0
calls=2 1568 
* 669
+4 4
-4 2
+4 2
+1 4
2131 10
+1 20
682 2
2133 2
682 4
2157 6
+1 4
-16 4

fn=(212)
238 10
+3 5
-3 10
+7 5
-7 10
+3 5
cfi=(42)
cfn=(118)
calls=5 23 
* 168
+3 10
+20 35

fn=(88)
868 4
+8 4
-8 4
+8 4
-6 4
+12 8
-13 4
+13 4
-13 4
+13 8
+3 12
+1 8
+1 8
+43 4

fn=(106)
706 11
+14 1
-14 2
+14 2
cfi=(38) ./elf/./elf/dl-hwcaps.c
cfn=(108) _dl_important_hwcaps
calls=1 175 
* 1847
fi=(28)
56 1
fe=(31)
720 1
fi=(28)
56 1
cfi=(27)
cfn=(76)
calls=1 -21 
* 25
fe=(31)
725 1
+2 2
+7 2
+1 2
-1 3
+5 3
fi=(28)
56 1
cfi=(27)
cfn=(76)
calls=1 -21 
* 25
fe=(31)
739 1
+2 4
+17 1
-10 1
+19 1
-11 1
-9 1
+9 1
+12 2
-10 1
+3 2
+9 1
-7 1
+4 1
+3 2
-3 1
-8 1
+3 1
+8 1
-3 1
+1 16
cfi=(44)
cfn=(132)
calls=4 125 
* 72
+2 18
-14 3
+10 3
+4 3
-12 3
-2 3
+2 3
+4 3
-3 3
+3 3
+1 3
-2 3
+5 6
+1 3
-4 3
+4 3
+15 1
+3 1
-15 1
+7 1
-1 1
+9 2
+2 4
+2 3
+36 5
+2 2
cfi=(22)
cfn=(60)
calls=1 41 
* 17
* 9
-19 1
-2 1
+2 2
+19 9
cfi=(29)
cfn=(80)
calls=1 212 
* 11
* 1
+5 4
-1 2
+2 1
+1 2
-2 4
+1 13
+1 26
-2 52
+5 1
fi=(28)
56 1
cfi=(27)
cfn=(76)
calls=1 -21 
* 25
fe=(31)
836 1
fi=(28)
56 1
fe=(31)
838 2
+6 6
cfn=(134)
calls=1 468 
* 587
+3 3
+6 1
+4 8
-35 2
+5 2

fn=(216)
1870 16
+1 2
-1 12
+1 2
+6 4
+5 32
-7 4
+7 2
-8 2
+8 4
+3 4
+9 12
+7 6
+1 2
-1 2
cfi=(29)
cfn=(128)
calls=2 199 
* 26
-12 2
+12 2
+59 10
-58 8
+3 40
+5 88
cfi=(29)
cfn=(128)
calls=11 199 
* 147
* 44
cfi=(29)
cfn=(128)
calls=11 199 
* 143
+3 22
+6 33
+3 66
cfn=(218)
calls=11 1568 
* 594
* 11
+2 33
+2 20
+65 16
+7 4
-2 4
+2 4
+3 6
-13 2
+27 18
-65 4
+2 2
-50 107
+29 20
+1 70
+6 20
+2 10
-2 10
+2 20
cfi=(67) ./io/../sysdeps/unix/sysv/linux/stat64.c
cfn=(220) stat
calls=10 28 
* 158
* 10
+3 10
-3 20
+1 1
+2 2
-2 1
+2 26
-61 4

fn=(218)
1568 143
+39 39
+19 52
cfi=(55)
cfn=(178)
calls=13 28 
* 280
* 13
+2 26
+11 2
+6 4
-5 2
+5 16
cfi=(56)
cfn=(180)
calls=2 25 
* 12
+2 4
+2 4
+2 4
+6 4
+17 22
fi=(28)
50 4
cfi=(27)
cfn=(144)
calls=2 +45 
* 10
fe=(31)
1856 117
1674 6
+74 4
+5 4
+2 8
+6 4
+6 2
+1 2
-1 6
+1 2
-1 2
+1 4
+1 2
+20 6
+31 2
-31 2
1633 2
1820 4
-31 84
+1 44
+1 16
+4 16
+6 4
+1 28
+10 12
cfi=(71)
cfn=(234)
calls=2 25 
* 14
* 16
+8 36
+15 4
+6 2
-3 2
+1 2
+1 2
+1 4
-3 2
+1 2
+1 2
+2 2
-3 6
-1 2
+4 4
-19 36
+3 4
-4 4
+4 8
+5 2
+1 8
-60 13
+1 3
-1 1
+1 3
cfi=(71)
cfn=(234)
calls=1 25 
* 7
* 3
+16 5
+7 6
1612 22
+62 6
1802 4
-30 2

fl=(71)
fn=(234)
25 8
+1 16
+1 4

fl=(36) ./posix/../sysdeps/unix/syscall-template.S
fn=(102) uname
120 5
+2 1

fl=(44)
fn=(132)
125 8
+1 40
+6 8
+1 8
+1 7
+1 7
+2 1
+1 1
+1 1
+65 4
+1 4
+2 4
+76 6
+1 6
+5 6
+3 6
+1 6
+3 2
+1 2
+13 2
+1 2
+2 2
+3 1
+3 2
+3 1
+1 1
+1 1
+1 1
+1 1
+1 1
+1 1
-6 27
+1 27
+1 27
+1 27
+1 27
+1 27
+1 27
+3 2
+1 2
+1 2
+1 2
+5 2
+29 1
+1 1
+1 1
+32 1
+1 1
+1 1

fl=(153)
fn=(504)
27 1
+2 2
-2 1
+6 3
-6 1
+6 3
-6 1
+6 1
cfi=(152)
cfn=(500)
calls=1 +41 
* 177
+4 2
+2 4
+2 1
-1 1
+1 2
-1 1
cob=(3)
cfi=(154) ./elf/./elf/libc_early_init.c
cfn=(506) __libc_early_init
calls=1 -7 
* 1152

fl=(230) ./elf/./elf/dl-fini.c
fn=(892) _dl_fini
31 9
+20 3
-3 7
+3 4
+3 2
cob=(3)
cfi=(231) ./nptl/./nptl/pthread_mutex_lock.c
cfn=(894) pthread_mutex_lock@@GLIBC_2.2.5
calls=1 +23 
* 43
+2 1
+3 2
+2 6
+7 2
-2 1
+2 1
cfi=(49)
cfn=(532)
calls=1 -28 
* 21
+5 14
+5 1
-5 1
+5 3
+2 10
+2 10
+2 10
+1 5
+1 5
+4 5
-12 15
+14 6
+1 4
+6 5
cfi=(12)
cfn=(246)
calls=1 290 
* 379
+9 2
cob=(3)
cfi=(232) ./nptl/./nptl/pthread_mutex_unlock.c
cfn=(896) pthread_mutex_unlock@@GLIBC_2.2.5
calls=1 367 
* 34
+5 6
+2 1
+2 3
-2 4
+2 12
+3 10
+3 15
+4 4
+11 8
+1 2
+1 4
+1 10
+1 4
cob=(4) /usr/lib/x86_64-linux-gnu/libm.so.6
cfi=(168) ???
cfn=(946) 0x000000000000e420
calls=1 0 
* 92
cob=(6)
cfi=(169)
cfn=(898)
calls=1 0 
* 91
-1 10
+5 6
+1 9
cob=(2)
cfi=(51)
cfn=(962)
calls=1 0 
* 4
cob=(2)
cfi=(51)
cfn=(924)
calls=1 0 
* 110
cob=(2)
cfi=(51)
cfn=(920)
calls=1 0 
* 4
+6 10
cfi=(49)
cfn=(922)
calls=5 -57 
* 25
+5 5
-45 15
+49 3
cfi=(49)
cfn=(532)
calls=1 40 
* 21
* 2
-38 9
+3 2
+41 6
+6 2
+7 8
73 2

fl=(32)
fn=(90)
108 270
+33 270
+1 270
+2 270
+1 270
+21 270
+1 270
+1 236
+1 236
+1 167
+1 167
+1 167
+1 167
+21 167
+1 167
+1 167
+1 167
+1 167
+1 167
+1 167
+5 5
+1 15
+9 5
+1 5
+1 5
+1 5
+1 5
+1 5
+1 5
+1 5
-7 103
+1 103
+1 103
+1 103
+1 103
+1 103
+1 103
+1 103
+1 101
+1 56
+1 56
+1 56
+2 56
+1 56
+1 56
+1 56
+1 56
+1 56
-5 45
+1 45
+1 45
+1 45
+1 45
+1 45
+10 7
+1 7
+1 7
+2 7
+6 7
+1 7
+1 7
+1 7
+1 7
+5 7
+2 4
+1 4
+1 8
+8 4
+1 4
+3 4
+1 4
+1 4
+1 4
+1 4
+1 4
568 1
+1 1
+1 1
+1 1
+1 1
+2 1
+1 1
+1 1
+1 1
+1 1
+1 1
+1 1
+1 1
+4 1
+1 1
+1 1
+6 1
+1 1
+1 2
+4 1
+1 1
+3 1
+1 1
+1 1
+3 1
+1 1
+1 1
+6 1
+1 1
+1 1
+1 1
+1 1
+1 1
818 6
+1 6
+1 6
+1 6
+1 6
+2 6
+1 6
+1 6
+1 6
+1 6
+1 6
+1 6
+1 1
+4 1
+1 1
+1 1
+6 1
+1 1
+1 2
+4 1
+1 1
+3 1
+1 1
+1 1
+3 1
+1 1
+1 1
+6 1
+1 1
+1 1
+1 1
+1 1
+1 1
+72 2
+1 2
+1 2
+1 2
+1 2
+2 2
+1 2
+1 2
+1 2
+1 2
+1 2
+1 2
+1 1
+4 1
+1 1
+1 1
+6 1
+1 1
+1 2
+4 1
+1 1
+3 1
+1 1
+1 1
+3 1
+1 1
+1 1
+6 1
+1 1
+1 1
+1 1
+1 1
+1 1
+72 6
+1 6
+1 6
+1 6
+1 6
+2 6
+1 6
+1 6
+1 6
+1 6
+1 6
+1 6
+1 1
+4 1
+1 1
+1 1
+6 1
+1 1
+1 2
+4 1
+1 1
+3 1
+1 1
+1 1
+3 1
+1 1
+1 1
+6 1
+1 1
+1 1
+1 1
+1 1
+1 1
+7 1
+1 1
+2 1
+1 1
+2 1
+1 1
+1 1
+3 1
+1 1
+1 1
+6 1
+1 1
+1 1
+1 1
+1 1
+1 1
+41 3
+1 3
+1 3
+1 3
+1 3
+2 3
+1 3
+1 3
+1 3
+1 3
+1 3
+1 3
1318 28
+1 28
+1 28
+1 28
+1 28
+2 28
+1 28
+1 28
+1 28
+1 28
+1 28
+1 28
+1 7
+4 7
+1 7
+1 7
+6 7
+1 7
+1 14
+4 7
+1 7
+3 7
+1 7
+1 7
+3 7
+1 7
+1 7
+6 7
+1 7
+1 7
+1 7
+1 7
+1 7
+72 1
+1 1
+1 1
+1 1
+1 1
+2 1
+1 1
+1 1
+1 1
+1 1
+1 1
+1 1
+1 1
+4 1
+1 1
+1 1
+6 1
+1 1
+1 2
+4 1
+1 1
+3 1
+1 1
+1 1
+3 1
+1 1
+1 1
+6 1
+1 1
+1 1
+1 1
+1 1
+1 1
+72 2
+1 2
+1 2
+1 2
+1 2
+2 2
+1 2
+1 2
+1 2
+1 2
+1 2
+1 2
+1 1
+4 1
+1 1
+1 1
+6 1
+1 1
+1 2
+4 1
+1 1
+3 1
+1 1
+1 1
+3 1
+1 1
+1 1
+6 1
+1 1
+1 1
+1 1
+1 1
+1 1
+72 6
+1 6
+1 6
+1 6
+1 6
+2 6
+1 6
+1 6
+1 6
+1 6
+1 6
+1 6
+1 3
+4 3
+1 3
+1 3
+6 3
+1 3
+1 6
+4 3
+1 3
+3 3
+1 3
+1 3
+3 3
+1 3
+1 3
+6 3
+1 3
+1 3
+1 3
+1 3
+1 3
+72 15
+1 15
+1 15
+1 15
+1 15
+2 15
+1 15
+1 15
+1 15
+1 15
+1 15
+1 15
+1 1
+4 1
+1 1
+1 1
+6 1
+1 1
+1 2
+4 1
+1 1
+3 1
+1 1
+1 1
+3 1
+1 1
+1 1
+6 1
+1 1
+1 1
+1 1
+1 1
+1 1
+72 3
+1 3
+1 3
+1 3
+1 3
+2 3
+1 3
+1 3
+1 3
+1 3
+1 3
+1 3
+1 2
+4 2
+1 2
+1 2
+6 2
+1 2
+1 4
+4 2
+1 2
+3 2
+1 2
+1 2
+3 2
+1 2
+1 2
+6 2
+1 2
+1 2
+1 2
+1 2
+1 2
+44 1
+1 1
+1 1
+1 1
+7 1
+1 1
+1 1
+16 28
+1 28
+1 28
+1 28
+1 28
+2 28
+1 28
+1 28
+1 28
+1 28
+1 28
+1 28
+2 8
+4 8
+1 8
+1 8
+6 8
+1 8
+2 16
+4 8
+1 8
+3 8
+1 8
+1 8
+3 8
+1 8
+1 8
+6 8
+1 8
+1 8
+1 8
+1 8
+1 8
+74 31
+2 31
+1 31
+1 31
+1 31
-3 77
+1 77
+1 77
+1 77
+1 112
+5 56
+6 56
+1 56
+8 56
+1 56
-16 214
+6 214
+1 214
+8 214
+1 214

fl=(159)
fn=(522)
67 2
+5 2
+3 2
+2 2
+10 2
+6 2
+1 2
+1 2
+1 2
+1 2
+1 2
+1 2
+4 2
+1 2
+3 2
+1 2
+2 2
+1 2
+1 2
+1 2
+1 2
+1 2
+2 2
+7 2
+1 2
+1 2
cfi=(160)
cfn=(524)
calls=2 -80 
* 1643
+1 2
+5 2
+1 2
+1 2
+2 2
+1 2
+1 2
+1 2
+1 2
+1 2
+1 2
+2 2
+2 2
+4 2
+2 2

fl=(9)
fn=(16)
85 4
+25 1
-25 6
+25 1
-1 1
+1 291
+11 1
-8 1
+1 1
-4 1
+3 1
+6 1
+2 13
-34 1
-1 1
+36 119
+3 1
+1 1
-5 94
+57 1
-57 1
+58 1
-1 1
-57 3
+29 1
-29 1
+30 1
-1 1
-29 3
+41 1
-41 1
+42 1
-1 1
-41 3
+35 1
-35 1
+36 1
-1 1
-35 3
+32 1
-32 1
+33 1
-1 1
-32 3
+13 1
-13 1
+14 1
-1 1
-13 3
+10 1
-10 1
+11 1
-1 1
-10 3
+7 1
-7 4
224 1
cfi=(10)
cfn=(18)
calls=1 +58 
* 50635
+3 1
cfi=(12)
cfn=(22)
calls=1 +54 
* 32
fi=(13)
36 2
cfi=(14) ./elf/../sysdeps/unix/sysv/linux/brk.c
cfn=(28) brk
calls=1 -1 
* 8
fi=(6)
215 1
cfi=(15)
cfn=(32)
calls=1 37 
* 7224
fe=(9)
+23 3
+1 1
cfi=(22)
cfn=(60)
calls=1 41 
* 17
* 1
+2 2
cfi=(23)
cfn=(62)
calls=1 37 
* 15
* 3
+12 3
+3 5
cfi=(2)
cfn=(64)
calls=1 1320 
* 140200
+2 9

fn=(530)
262 1
+1 1

fl=(148)
fn=(484)
95 10
+1 10
+1 5
+6 25
+1 145
+1 100
+2 15
+5 5

fl=(13)
fn=(100)
46 5
+2 3
+85 5
-45 2
cfi=(36)
cfn=(102)
calls=1 +32 
* 6
+15 1
-15 2
+20 1
-1 1
+3 12
+4 3
-2 6
+2 9
+7 3
-1 3
+4 3
-2 3
+2 10
+5 2

fl=(65)
fn=(208)
25 1
+2 7
+4 1

fl=(67)
fn=(220)
28 20
+1 40
cfi=(59)
cfn=(192)
calls=10 153 
* 98

fl=(42)
fn=(118)
23 19
+1 19
+1 19
+1 19
+1 19
+1 19
+1 19
+1 19
+1 19
+1 19
+1 19
+1 19
+1 19
+1 19
+1 19
+1 19
+1 19
+1 19
+1 16
+4 16
+1 16
+1 16
+1 16
+2 16
+4 3
+1 3
+1 3
+1 3
+1 3
+1 3
+1 3
+1 3
+1 3
+1 3
+1 3
+1 3
+1 3
+1 3
+1 3
+1 3
+1 3
+1 3
+1 3
+1 3
+1 3
+1 3
+1 3
+1 3
+52 3
+4 3
+1 3
+1 3
+1 3
+2 3

fl=(52)
fn=(162)
225 10
+2 2
cob=(2)
cfi=(51)
cfn=(164)
calls=1 0 
* 2759
+1 2
+1 1
+1 1
-1 1
+1 1
+2 5

fn=(166)
175 18
+5 6
-5 18
+5 6
-2 12
+22 6
-1 6
+7 12
-6 6
+3 12
+3 6
cfi=(53)
cfn=(168)
calls=6 30 
* 144
* 24
+2 18
cfi=(66)
cfn=(214)
calls=5 61 
* 12379
cfi=(2)
cfn=(170)
calls=1 663 
* 2698
+2 6
-1 6
+1 6
-1 6
+1 12
+9 24

fn=(250)
238 6
+1 1
+1 1
+3 1
+1 1
+2 1
cfi=(2)
cfn=(252)
calls=1 696 
* 7244
+2 1
+1 1
+1 4

fl=(38)
fn=(108)
175 5
+1 1
-1 6
+1 1
-1 1
+1 1
-1 1
+1 1
-1 1
+1 2
cfi=(10)
cfn=(24)
calls=1 405 
* 21
* 1
+2 2
+1 3
+26 2
-26 1
+25 1
cfi=(39)
cfn=(110)
calls=1 29 
* 47
fi=(40) ./elf/./dl-hwcaps.h
54 1
fe=(38)
205 1
-1 1
fi=(40)
56 1
+32 1
+1 1
+1 1
fe=(38)
-35 2
cfi=(41)
cfn=(116)
calls=1 -4 
* 13
* 2
fi=(40)
-1 1
+2 2
-2 1
+34 2
+1 2
+1 1
fe=(38)
-32 2
-1 2
+1 2
+1 2
-1 2
-3 4
cfi=(41)
cfn=(116)
calls=2 -4 
* 114
* 2
cfi=(41)
cfn=(116)
calls=1 -4 
* 122
* 6
+48 5
fi=(28)
-47 1
cfi=(27)
cfn=(76)
calls=1 -21 
* 25
fe=(38)
+47 1
+2 2
+3 2
fi=(40)
-52 1
fe=(38)
+55 1
-3 1
fi=(40)
-54 2
+3 1
fe=(38)
+58 2
cfi=(41)
cfn=(122)
calls=1 -90 
* 12
* 2
fi=(40)
-61 1
+2 2
-2 1
+34 2
+1 2
+1 1
fe=(38)
+40 4
+1 2
-1 6
+2 2
+1 2
-2 6
-3 4
cfi=(41)
cfn=(116)
calls=2 -77 
* 114
* 2
cfi=(41)
cfn=(116)
calls=1 -77 
* 122
* 6
+8 2
+9 1
-15 1
+15 2
-15 1
+15 8
+9 2
+4 7
cfi=(43)
cfn=(124)
calls=1 22 
* 41
+1 2
+1 1
+4 1
+1 2
+1 1
-20 2
+19 1
+1 1
-20 2
-1 4
+70 1
+1 1
+4 1
-5 2
+1 4
+4 2
-4 1
+4 4
+1 1
-1 1
+1 2
+1 2
-2 5
+1 1
-1 1
+1 2
+1 2
-2 5
+5 1
+3 2
-3 2
+3 15
+7 1
-7 2
+2 3
+1 4
+2 1
fi=(240) ./elf/../sysdeps/x86/dl-hwcap.h
57 1
fe=(38)
233 2
fi=(240)
57 1
fe=(38)
233 2
fi=(240)
57 1
fe=(38)
233 1
+1 1
cfi=(22)
cfn=(60)
calls=1 41 
* 17
+1 1
+1 1
-6 1
+4 1
+1 1
-5 1
+5 1
+1 1
-1 2
-5 4
+10 3
-2 3
+2 1
+1 1
+1 1
-1 1
+4 4
+1 1
-1 1
+4 2
+4 1
-1 1
+1 4
-1 2
+4 3
+1 3
+19 10
+6 2
fi=(28)
56 1
cfi=(27)
cfn=(76)
calls=1 -21 
* 25
* 1
fe=(38)
283 2
+8 1
fi=(40)
54 1
+2 1
+34 1
-2 2
fe=(38)
-5 1
291 1
fi=(40)
54 1
+35 1
fe=(38)
291 1
fi=(40)
90 1
fe=(38)
-10 2
cfi=(41)
cfn=(116)
calls=1 -29 
* 13
* 2
fi=(40)
-26 2
+2 1
fe=(38)
+27 1
fi=(40)
-29 1
+34 2
+1 2
+1 1
fe=(38)
-8 2
+1 4
+7 2
-7 10
cfi=(29)
cfn=(128)
calls=2 199 
* 26
+4 2
+2 2
+2 2
-2 4
-9 4
cfi=(41)
cfn=(116)
calls=2 -29 
* 114
* 2
cfi=(41)
cfn=(116)
calls=1 -29 
* 122
* 6
304 1
+2 1
-2 1
-48 2
+72 1
-72 1
376 2
+13 2
-58 1
+45 1
+13 1
-58 1
-75 1
+82 1
+10 2
-92 1
+88 1
+4 3
-4 1
+3 7
-3 2
-3 1
+3 1
cfi=(29)
cfn=(128)
calls=1 199 
* 18
* 2
-3 1
+3 1
cfi=(29)
cfn=(128)
calls=1 199 
* 18
* 2
+3 2
-3 4
+3 5
+1 12
+1 2
-2 1
+2 1
cfi=(29)
cfn=(128)
calls=1 199 
* 15
* 2
-2 2
+5 8
cfi=(29)
cfn=(128)
calls=2 199 
* 30
* 4
+2 5
+5 6
+1 1
-1 3
+1 7
-1 25
+5 11
+4 1
-1 1
+1 2
-4 12
+4 2
-1 2
+1 13
-1 9
+1 18
+1 24
-1 12
-1 12
+2 24
-1 24
-1 24
+4 9
+3 1
+2 2
-1 1
-1 1
+2 1
-2 1
+2 2
-1 1
+1 2
+2 6
+1 2
+3 2
-6 2
+6 3
+7 8
+1 1
-1 2
+3 2
-3 3
+1 3
-1 6
+3 6
+3 4
-80 2
+86 9
-20 1
+1 2
-6 3
259 2
+1 2
+1 4
-1 3
+12 4
-44 2
+34 4
-2 3

fl=(68)
fn=(230) _dl_cache_libcmp
370 18
+1 18
+32 18
-33 36
+1 40
+2 88
+2 88
-2 176
+20 172
+2 172
-12 70
+2 70
+14 70
+1 70
-29 140
+32 6
-28 4
+8 2
-2 4
+1 4
-1 2
+2 6
+2 2
-3 2
+3 6
+2 4
+9 48

fn=(534)
537 1
+1 4
-1 1
+3 2
cfi=(72)
cfn=(536) munmap
calls=1 117 
* 6
+1 1
+4 1
+2 2

fn=(222)
416 20
+2 4
+3 6
+69 3
+5 1
208 1
495 3
208 1
495 2
+3 6
fi=(70) ./elf/../sysdeps/x86/dl-procinfo.h
39 4
+3 6
cfi=(32)
cfn=(90)
calls=2 +66 
* 50
* 8
fe=(68)
212 12
cfi=(10)
cfn=(24)
calls=2 405 
* 42
* 2
+16 4
-16 2
+6 4
+10 2
-7 10
+9 6
+1 2
-37 4
+37 2
+4 4
-5 42
+1 14
-37 28
+37 14
+4 28
+4 48
cfn=(230)
calls=16 370 
* 1188
+1 32
359 14
+3 16
228 16
360 6
228 18
+2 10
+20 4
+3 4
+2 8
cfn=(230)
calls=2 370 
* 148
* 4
-7 4
-30 4
+1 2
+95 2
-95 2
-1 16
+96 6
-47 4
+10 4
+1 6
fi=(69) ./elf/../sysdeps/generic/dl-cache.h
125 10
fe=(68)
294 4
+9 4
+3 4
+2 6
+1 4
+5 4
+1 8
+7 4
+21 8
513 4
+12 4
cfi=(22)
cfn=(60)
calls=2 41 
* 70
* 24
+1 2
-1 2
+1 2
-1 2
+1 2
cfi=(29)
cfn=(80)
calls=2 212 
* 22
* 2
+1 2
cfi=(45)
cfn=(140)
calls=2 40 
* 178
+1 16
-3 4
424 4
cfi=(54)
cfn=(224) _dl_sysdep_read_whole_file
calls=1 36 
* 91
* 1
+8 5
+1 8
+3 4
+1 1
-1 3
fi=(69)
194 1
+1 5
fe=(68)
444 1
+1 2

fl=(72)
fn=(536)
117 5
+5 1

fn=(236)
117 30
+5 6

fl=(54)
fn=(224)
36 2
+3 1
-3 6
+3 1
-3 1
+3 1
cfi=(55)
cfn=(178)
calls=1 -11 
* 19
+1 2
+23 7
-21 4
cfi=(58)
cfn=(190)
calls=1 -13 
* 15
* 2
+2 2
+3 2
+13 2
cfi=(64)
cfn=(204)
calls=1 -35 
* 6
* 1
-11 6
cfi=(60)
cfn=(194)
calls=1 -2 
* 9
* 2

fn=(174)
68 234
+1 78
cfi=(32)
cfn=(90)
calls=39 +39 
* 1640
* 78
+3 39
+2 78
+6 39
-6 78
+1 141
cfi=(32)
cfn=(90)
calls=47 +33 
* 2107
* 94
+8 8
-13 8
+13 55
-1 31
+1 93

fl=(16)
fn=(40) update_active.constprop.0
43 7
+45 1
-41 1
+28 1
-18 1
+31 1
+4 1
-36 1
-1 1
+37 1
-26 1
-11 1
+1 1
+36 2
+1 1
-17 1
-21 1
+25 1
-4 1
-11 1
+28 1
-1 1
-36 1
+18 1
+19 1
-13 1
-4 1
-11 1
+19 1
+11 1
-3 1
-12 1
+14 1
-29 1
+18 1
+9 1
-18 1
+13 1
-13 1
-9 1
+29 2
+3 1
-14 1
-9 1
+9 1
+4 1
+10 1
-17 1
+7 1
+5 1
+5 1
+1 1
-1 1
+1 2
+2 2
+1 4
+3 1
+1 1
-1 1
+1 1
-1 1
+1 1
-1 1
+1 1
+4 2
+4 2
+2 4
+83 3
+12 2
+1 1
+3 3
+4 1
-4 1
+4 1
+67 3
+4 3
fi=(18)
31 1
-3 1
+3 1
-1 2
fe=(16)
296 1
+1 8
-75 3
+1 2
+3 1
-1 1
+9 1
-5 1
+2 1
-2 1
+5 1
fi=(18)
32 3
+4 3
fe=(16)
+83 2
+2 1
+3 2
+10 1
+10 1
-10 1
+10 1
-10 1
+6 1
+4 1
-4 1
-6 1
+6 1
+2 1
-2 1
+2 3
+7 4
fi=(18)
39 3
+1 4
+5 1
-7 1
+7 3
+2 1
+1 2
+1 3
+2 4
+1 2
+1 2
+6 1
-4 1
+4 1
-3 2
fe=(16)
+75 1
-5 2
+4 1

fn=(34)
399 1
+16 1
-16 6
+3 1
+1 1
+1 1
+11 2
+3 6
593 1
+94 5
+1 1
+3 2
+1 1
+6 1
+3 1
fi=(19)
+5 1
+2 1
fe=(16)
-9 1
fi=(19)
+23 2
840 1
+46 1
-46 17
+45 2
+25 2
+21 2
-21 2
+13 3
+8 1
-8 1
+8 1
cfi=(10)
cfn=(24)
calls=1 405 
* 21
* 1
+2 2
+3 4
cfi=(10)
cfn=(24)
calls=1 405 
* 21
* 1
+2 1
+3 2
-3 2
+3 1
-3 1
+3 1
cfi=(10)
cfn=(24)
calls=1 405 
* 21
* 1
+1 5
+16 2
-12 5
cfi=(10)
cfn=(24)
calls=1 405 
* 21
* 1
+1 3
+23 1
-17 5
+3 3
-3 1
cfi=(10)
cfn=(24)
calls=1 405 
* 21
+3 3
-3 2
+3 9
cfi=(10)
cfn=(54)
calls=1 157 
* 58
+1 9
cfi=(10)
cfn=(54)
calls=1 157 
* 58
+1 10
cfi=(10)
cfn=(54)
calls=1 157 
* 58
+3 8
cfi=(10)
cfn=(54)
calls=1 157 
* 58
+2 8
cfi=(10)
cfn=(54)
calls=1 157 
* 58
+4 1
fe=(16)
706 1
fi=(19)
967 2
fe=(16)
706 2
fi=(19)
967 4
fe=(16)
706 1
cfi=(10)
cfn=(24)
calls=1 405 
* 19
+4 3
+14 1
-1 2
+1 3
+47 1
-1 1
+1 1
+46 4
cfi=(10)
cfn=(24)
calls=1 405 
* 19
+2 4
cfi=(10)
cfn=(24)
calls=1 405 
* 19
fi=(21) ./elf/../sysdeps/unix/sysv/linux/x86/cpu-features.c
27 6
fe=(16)
829 2
+45 8
fi=(19)
+19 11
fe=(16)
775 3
+27 2
-10 2
+1 2
+2 3
+1 2
+2 3
+1 2
fi=(19)
-75 3
cfn=(46)
calls=1 255 
* 437
+1 1
-1 2
+1 1
cfn=(46)
calls=1 255 
* 478
+1 1
-1 1
+1 1
cfn=(46)
calls=1 255 
* 503
+3 1
-3 2
+3 1
cfn=(46)
calls=1 255 
* 459
+2 1
-2 1
+2 1
cfn=(46)
calls=1 255 
* 451
+3 1
-2 1
-1 1
+3 1
cfn=(46)
calls=1 255 
* 428
+2 1
-2 1
+2 1
cfn=(46)
calls=1 255 
* 429
+3 1
-2 1
-1 1
+3 1
cfn=(46)
calls=1 255 
* 469
+2 1
-2 1
+2 1
cfn=(46)
calls=1 255 
* 470
+3 1
-3 1
+3 1
cfn=(46)
calls=1 255 
* 494
+2 1
-2 1
+2 1
cfn=(46)
calls=1 255 
* 495
+2 1
-2 1
+2 1
cfn=(46)
calls=1 255 
* 790
+2 3
-2 1
+2 1
cfn=(52)
calls=1 481 
* 215
863 15
fe=(16)
424 6
cfn=(36) get_common_indices.constprop.0
calls=1 -99 
* 71
303 3
+1 2
+1 6
+5 2
+1 6
+5 2
+1 6
429 1
cfn=(40)
calls=1 43 
* 194
+2 1
+2 1
+83 1
-85 2
564 2
+7 2
+2 1
+4 2
+6 2
422 2
-3 1
+14 3
+1 4
+69 1
+10 11
+42 1
+1 1
434 11
+55 3

fn=(36)
325 1
+4 4
+3 3
+5 2
-5 1
+5 1
-5 1
+4 1
+1 1
+1 4
+1 4
+1 3
+1 2
+7 2
+2 5
+5 1
-5 1
+5 1
-5 1
+5 1
-5 2
+5 1
+7 1
-7 4
+7 1
+1 3
+6 1
-6 4
+6 1
fi=(17) ./elf/../sysdeps/unix/sysv/linux/x86/dl-minsigstacksize.h
24 2
+3 2
+1 2
+37 3
+7 1
+2 1
fe=(16)
384 2

fl=(14)
fn=(28)
35 1
+1 3
+1 2
+6 1
+1 1

fl=(8)
fn=(14)
25 5
+3 5
-3 5
+3 10
+3 15
+1 10
+2 5
-1 5
+3 15
+1 5
+4 5
-3 5
+7 5
-4 5
-3 5
+2 10
+5 5
-5 5
-2 5
+7 5
-5 5
+10 5

fl=(56)
fn=(180)
25 3
+1 12
+1 3

fl=(78)
fn=(272)
194 10
+14 5
-14 45
+16 5
-16 10
+14 5
+2 10
+3 5
-1 5
+1 10
+19 10
+6 25
-34 8
+38 8
+7 16
fi=(6)
71 14
+6 8
+4 6
+14 2
-8 2
+8 4
+20 4
+4 10
-2 4
fe=(78)
288 205
-83 2
fi=(6)
474 8
fe=(78)
205 4
+83 4
fi=(5)
49 2
fe=(78)
288 2
fi=(5)
60 2
-11 4
+11 4
fe=(78)
288 3
-83 3
fi=(6)
474 12
fe=(78)
205 6
+83 6
fi=(5)
49 3
fe=(78)
288 3
fi=(5)
60 3
-11 6
+11 6
fe=(78)
288 10
fi=(5)
49 5
fe=(78)
288 5
fi=(5)
60 5
-11 10
+11 10
-7 2
-1 2
+11 16
fi=(6)
545 48
+4 48
+3 72
+1 24
fi=(5)
63 72
+2 324
+2 171
-4 171
+13 12
+1 16
+1 114
fi=(6)
545 57
+34 114
+2 57
cob=(4)
cfi=(134) ./math/../sysdeps/x86_64/fpu/multiarch/s_sin.c
cfn=(476) sin
calls=1 27 
* 9
cob=(4)
cfi=(146) ./math/../sysdeps/x86_64/fpu/multiarch/e_atan2.c
cfn=(472) __atan2_finite@GLIBC_2.15
calls=1 26 
* 9
cob=(4)
cfi=(145) ./math/../sysdeps/x86_64/fpu/multiarch/e_exp2f.c
cfn=(468) exp2f@@GLIBC_2.27
calls=1 27 
* 9
cob=(4)
cfi=(142) ./math/../sysdeps/x86_64/fpu/multiarch/e_asin.c
cfn=(464) __asin_finite@GLIBC_2.15
calls=1 27 
* 8
cob=(4)
cfi=(144) ./math/../sysdeps/x86_64/fpu/multiarch/s_fma.c
cfn=(462) fma
calls=1 49 
* 6
cob=(4)
cfi=(143) ./math/../sysdeps/x86_64/fpu/multiarch/s_sinf.c
cfn=(458) sinf
calls=1 26 
* 9
cob=(4)
cfi=(142)
cfn=(454) __acos_finite@GLIBC_2.15
calls=1 35 
* 8
cob=(4)
cfi=(141) ./math/../sysdeps/x86_64/fpu/multiarch/e_log.c
cfn=(450) __log_finite@GLIBC_2.15
calls=1 27 
* 9
cob=(4)
cfi=(140) ./math/../sysdeps/x86_64/fpu/multiarch/e_log2f.c
cfn=(446) log2f@@GLIBC_2.27
calls=1 27 
* 9
cob=(4)
cfi=(138) ./math/../sysdeps/x86_64/fpu/multiarch/e_pow.c
cfn=(442) __pow_finite@GLIBC_2.15
calls=1 27 
* 8
cob=(4)
cfi=(137) ./math/../sysdeps/x86_64/fpu/multiarch/e_powf.c
cfn=(438) powf@@GLIBC_2.27
calls=1 30 
* 9
cob=(4)
cfi=(136) ./math/../sysdeps/x86_64/fpu/multiarch/s_sincosf.c
cfn=(434) sincosf
calls=1 26 
* 9
cob=(4)
cfi=(135) ./math/../sysdeps/x86_64/fpu/multiarch/e_logf.c
cfn=(430) logf@@GLIBC_2.27
calls=1 27 
* 9
cob=(4)
cfi=(134)
cfn=(426) cos
calls=1 34 
* 9
cob=(4)
cfi=(133) ./math/../sysdeps/x86_64/fpu/multiarch/e_expf.c
cfn=(422) expf@@GLIBC_2.27
calls=1 27 
* 9
cob=(4)
cfi=(131) ./math/../sysdeps/x86_64/fpu/multiarch/e_exp.c
cfn=(418) __exp_finite@GLIBC_2.15
calls=1 27 
* 9
cob=(4)
cfi=(129) ./math/../sysdeps/x86_64/fpu/multiarch/s_cosf.c
cfn=(414) cosf
calls=1 26 
* 9
cob=(3)
cfi=(128) ./string/../sysdeps/x86_64/multiarch/rawmemchr.c
cfn=(408) rawmemchr
calls=1 31 
* 23
cob=(3)
cfi=(127) ./string/../sysdeps/x86_64/multiarch/strncase.c
cfn=(406) strncasecmp
calls=1 31 
* 7
cob=(3)
cfi=(126) ./string/../sysdeps/x86_64/multiarch/mempcpy.c
cfn=(402) mempcpy
calls=1 33 
* 22
cob=(3)
cfi=(125) ./string/../sysdeps/x86_64/multiarch/strspn.c
cfn=(400) strspn
calls=1 29 
* 7
cob=(3)
cfi=(123) ./string/../sysdeps/x86_64/multiarch/memchr.c
cfn=(396) memchr
calls=1 29 
* 23
cob=(3)
cfi=(122) ./string/../sysdeps/x86_64/multiarch/stpcpy.c
cfn=(392) stpcpy
calls=1 33 
* 17
cob=(3)
cfi=(120) ./wcsmbs/../sysdeps/x86_64/multiarch/wmemcmp.c
cfn=(388) wmemcmp
calls=1 29 
* 22
cob=(3)
cfi=(119) ./string/../sysdeps/x86_64/multiarch/strncpy.c
cfn=(384) strncpy
calls=1 29 
* 17
cob=(3)
cfi=(118) ./string/../sysdeps/x86_64/multiarch/strlen.c
cfn=(380) strlen
calls=1 29 
* 21
cob=(3)
cfi=(117) ./string/../sysdeps/x86_64/multiarch/strcasecmp_l.c
cfn=(378) strcasecmp_l
calls=1 31 
* 7
cob=(3)
cfi=(116) ./string/../sysdeps/x86_64/multiarch/strcpy.c
cfn=(374) strcpy
calls=1 29 
* 17
cob=(3)
cfi=(115) ./string/../sysdeps/x86_64/multiarch/strchrnul.c
cfn=(370) strchrnul
calls=1 31 
* 21
cob=(3)
cfi=(114) ./string/../sysdeps/x86_64/multiarch/memrchr.c
cfn=(366) memrchr
calls=1 29 
* 21
cob=(3)
cfi=(112) ./wcsmbs/../sysdeps/x86_64/multiarch/wmemset.c
cfn=(362) wmemset
calls=2 31 
* 38
cob=(3)
cfi=(110) ./string/../sysdeps/x86_64/multiarch/memcmp.c
cfn=(358) bcmp
calls=1 29 
* 22
cob=(3)
cfi=(109) ./string/../sysdeps/x86_64/multiarch/strncase_l.c
cfn=(356) strncasecmp_l
calls=1 31 
* 7
cob=(3)
cfi=(108) ./string/../sysdeps/x86_64/multiarch/strcat.c
cfn=(352) strcat
calls=1 29 
* 17
cob=(3)
cfi=(107) ./wcsmbs/../sysdeps/x86_64/multiarch/wcscpy.c
cfn=(350) wcscpy
calls=1 43 
* 7
cob=(3)
cfi=(106) ./string/../sysdeps/x86_64/multiarch/strcspn.c
cfn=(348) strcspn
calls=1 29 
* 7
cob=(3)
cfi=(105) ./string/../sysdeps/x86_64/multiarch/strcasecmp.c
cfn=(346) strcasecmp
calls=1 31 
* 7
cob=(3)
cfi=(104) ./string/../sysdeps/x86_64/multiarch/strncmp.c
cfn=(344) strncmp
calls=1 66 
* 17
cob=(3)
cfi=(102) ./wcsmbs/../sysdeps/x86_64/multiarch/wmemchr.c
cfn=(340) wmemchr
calls=2 31 
* 46
cob=(3)
cfi=(100) ./string/../sysdeps/x86_64/multiarch/stpncpy.c
cfn=(336) stpncpy
calls=1 31 
* 17
cob=(3)
cfi=(99) ./wcsmbs/../sysdeps/x86_64/multiarch/wcscmp.c
cfn=(332) wcscmp
calls=1 30 
* 21
cob=(3)
cfi=(98) ./string/../sysdeps/x86_64/multiarch/memmove.c
cfn=(328) memmove
calls=2 29 
* 44
cob=(3)
cfi=(97) ./string/../sysdeps/x86_64/multiarch/strrchr.c
cfn=(324) rindex
calls=1 28 
* 21
cob=(3)
cfi=(96) ./string/../sysdeps/x86_64/multiarch/strchr.c
cfn=(322) index
calls=1 61 
* 19
cob=(3)
cfi=(94) ./wcsmbs/../sysdeps/x86_64/multiarch/wcschr.c
cfn=(318) wcschr
calls=2 31 
* 42
cob=(3)
cfi=(92) ./string/../sysdeps/x86_64/multiarch/memcpy.c
cfn=(314) memcpy@@GLIBC_2.14
calls=1 29 
* 22
cob=(3)
cfi=(91) ./wcsmbs/../sysdeps/x86_64/multiarch/wcslen.c
cfn=(310) wcslen
calls=1 29 
* 19
cob=(3)
cfi=(89) ./string/../sysdeps/x86_64/multiarch/memset.c
cfn=(306) memset
calls=1 29 
* 24
cob=(3)
cfi=(87) ./wcsmbs/../sysdeps/x86_64/multiarch/wcsnlen.c
cfn=(302) wcsnlen
calls=1 29 
* 19
cob=(3)
cfi=(86) ./string/../sysdeps/x86_64/multiarch/strcmp.c
cfn=(300) strcmp
calls=1 65 
* 17
cob=(3)
cfi=(85) ./string/../sysdeps/x86_64/multiarch/strpbrk.c
cfn=(298) strpbrk
calls=1 29 
* 7
cob=(3)
cfi=(83) ./string/../sysdeps/x86_64/multiarch/strnlen.c
cfn=(294) strnlen
calls=2 31 
* 42
-36 57
+37 57
fi=(5)
77 173
fe=(78)
288 40
+3 30
+24 5
+3 10
+17 15
+2 40
-98 10
+3 2
+7 4
-9 2
fi=(5)
86 16
+2 16
+12 8
-14 32
+14 16
+10 12
+3 16
+1 4
fi=(6)
529 4
fi=(5)
114 4
fi=(6)
529 8
fi=(5)
114 1200
fi=(6)
529 1200
fi=(5)
114 1200
fi=(6)
529 2400
+5 2408
+1 1204
fi=(5)
113 1204
fi=(6)
535 1204
-5 1204
fi=(5)
113 2408
+7 32
+4 24
+2 12
-73 4
fi=(6)
484 4
fi=(5)
52 4
fi=(6)
484 8
fi=(5)
128 8
+1 4
+1 4
-2 4
+2 4
+3 4
-5 4
+2 4
-2 4
+1 8
+2 4
-2 4
+2 12
+2 8
-5 252
+1 126
+1 126
-2 126
+2 126
+3 126
-5 126
+2 126
-2 126
+1 252
+2 126
-2 126
+2 378
+2 252
+9 128
fi=(6)
262 256
+21 256
+4 256
+7 512
fi=(4)
138 336
fi=(6)
294 4339
cfi=(79)
cfn=(280)
calls=109 840 
* 66300
* 981
+2 336
+30 762
450 330
fi=(5)
145 366
-19 390
+32 20
+1 6
fi=(6)
294 2
+22 2
-22 4
fi=(5)
160 6
+3 2
+4 2
-4 2
+4 4
-2 2
-2 2
+2 2
+1 2
-1 4
fi=(6)
294 8
508 2
-1 4
+1 4
+1 2
cfi=(15)
cfn=(502)
calls=1 71 
* 6
cob=(3)
cfi=(81) ./string/../sysdeps/x86/cacheinfo.c
cfn=(290) __x86_cacheinfo
calls=1 86 
* 28
+1 2
fi=(5)
159 2
fi=(6)
510 2
fi=(5)
159 8
-13 75
fi=(6)
422 54
+4 72
+5 18
+9 18
-9 36
+9 18
fi=(5)
145 68
fi=(6)
296 170
+3 122
-3 122
+3 244
+2 15
+3 6
+1 9
+11 6
+7 3
cob=(3)
cfi=(86)
cfn=(300)
calls=1 65 
* 17
cob=(3)
cfi=(96)
cfn=(322)
calls=1 61 
* 19
cob=(3)
cfi=(118)
cfn=(380)
calls=1 29 
* 21
* 9
+3 6
fi=(5)
135 10
+3 2
fi=(6)
296 106
+3 106
-3 228
+3 4
fi=(5)
50 10
fe=(78)
308 14
fi=(6)
-14 29
fe=(78)
+49 25
+3 5
-3 5
+3 5
+4 10
+1 20
cfi=(72)
cfn=(236)
calls=5 117 
* 30
* 10
-63 6
fi=(5)
53 2
175 7
+2 2
+1 2
-1 1
+3 1
-3 4
+3 2
-3 10
+1 10
-1 5
+3 5
-3 20
+3 10
+8 6
fi=(6)
+74 12
+21 12
+4 12
+7 24
fi=(4)
138 18
fi=(6)
294 204
cfi=(79)
cfn=(280)
calls=6 840 
* 3515
* 54
+2 18
+30 36
450 12
fi=(5)
191 18
fe=(78)

ob=(4)
fl=(144)
fn=(462)
49 6

fl=(131)
fn=(418)
27 1
fi=(132) ./math/../sysdeps/x86_64/fpu/multiarch/ifunc-avx-fma4.h
+5 5
+1 2
fe=(131)
-6 1

fl=(146)
fn=(472)
26 1
fi=(132)
+6 5
+1 2
fe=(146)
-7 1

fl=(140)
fn=(446)
27 1
fi=(130) ./math/../sysdeps/x86_64/fpu/multiarch/ifunc-fma.h
+2 4
+1 3
fe=(140)
-3 1

fl=(143)
fn=(458)
26 1
fi=(130)
+3 4
+1 3
fe=(143)
-4 1

fl=(129)
fn=(414)
26 1
fi=(130)
+3 4
+1 3
fe=(129)
-4 1

fl=(138)
fn=(442)
27 1
fi=(139) ./math/../sysdeps/x86_64/fpu/multiarch/ifunc-fma4.h
+4 4
+1 2
fe=(138)
-5 1

fl=(136)
fn=(434)
26 1
fi=(130)
+3 4
+1 3
fe=(136)
-4 1

fl=(168)
fn=(956) 0x000000000000e3b0
0 5

fn=(946)
0 9
cob=(2)
cfi=(51)
cfn=(952)
calls=1 0 
0 74
0 1
cfn=(956)
calls=1 0 
0 5
0 3

fn=(576) 0x000000000000e460
0 12

fl=(142)
fn=(464)
27 1
fi=(139)
+4 4
+1 2
fe=(142)
-5 1

fn=(454)
35 1
fi=(139)
-4 4
+1 2
+3 1
fe=(142)

fl=(135)
fn=(430)
27 1
fi=(130)
+2 4
+1 3
fe=(135)
-3 1

fl=(145)
fn=(468)
27 1
fi=(130)
+2 4
+1 3
fe=(145)
-3 1

fl=(137)
fn=(438)
30 1
fi=(130)
-1 4
+1 4
fe=(137)

fl=(141)
fn=(450)
27 1
fi=(132)
+5 5
+1 2
fe=(141)
-6 1

fl=(134)
fn=(426)
34 1
fi=(132)
-2 4
fe=(134)

ob=(1)
fl=(78)
fn=(272)
fi=(5)
175 18
+30 4
fi=(6)
+91 2
+3 2
-3 2
+3 4
-3 2
+3 2
-3 4
fe=(78)

fl=(58)
fn=(190)
29 8
+1 8
+5 12
cfi=(59)
cfn=(192)
calls=4 153 
* 32

fl=(24)
fn=(266)
68 2
fi=(241) ./elf/../include/list.h
-24 1
fe=(24)
+24 1
fi=(241)
-25 1
fe=(24)
+26 1
+3 1
fi=(241)
-29 1
+1 1
+1 1
+2 1
fe=(24)
+28 4
+1 2
+1 1
+5 2
+5 1
+6 1
-3 1
+3 1
-6 3
+6 1
+13 3
fi=(76) ./elf/../sysdeps/unix/sysv/linux/rseq-internal.h
-72 1
fe=(24)
+72 1
cfi=(10)
cfn=(24)
calls=1 405 
* 20
fi=(76)
-74 3
+2 6
+3 2
+3 1
fe=(24)
+83 3
+7 2
+2 1
+1 1
+1 3

fn=(84)
42 10
+2 20

fn=(66)
53 3
+3 8
+5 1
-5 1
+5 1
+1 1
-6 1
+8 1

fl=(45)
fn=(140)
40 20
+1 4
cfi=(22)
cfn=(60)
calls=4 * 
* 122
* 4
fi=(242) ./string/../include/rtld-malloc.h
+15 8
cfi=(27)
cfn=(76)
calls=4 -21 
* 100
fe=(45)
-12 8
+4 4
-1 12
+1 8
-1 4
cfi=(29)
cfn=(80)
calls=4 212 
* 52

fl=(162)
fn=(540)
77 12
+1 1
+1 1
+3 3
+8 2
+25 1
+1 5
+1 2
-86 4
+86 8
-86 16
+2 26
cfn=(542) call_init.part.0
calls=4 -7 
* 265
+83 15
+7 8
-92 4
+2 6
cfn=(542)
calls=1 -7 
* 61
+52 2

fn=(542)
26 40
+13 5
-13 5
+16 5
-3 10
+3 10
+5 8
+8 12
+1 12
cob=(2)
cfi=(51)
cfn=(572)
calls=1 -56 
* 7
cob=(2)
cfi=(51)
cfn=(544)
calls=1 -56 
* 26
+3 4
+1 8

ob=(4)
fl=(134)
fn=(426)
fi=(132)
32 1
+1 2
fe=(134)
+1 1

fn=(476)
27 1
fi=(132)
+5 5
+1 2
fe=(134)
-6 1

fl=(133)
fn=(422)
27 1
fi=(130)
+2 4
fe=(133)

ob=(1)
fl=(162)
fn=(542)
66 4
+2 4
-2 2
+3 13
+1 4
cob=(3)
cfi=(167) ./libio/./libio/vtables.c
cfn=(570) check_stdfiles_vtables
calls=1 +13 
* 12
* 8
cob=(4)
cfi=(168)
cfn=(576)
calls=1 -70 
* 12
cob=(3)
cfi=(164) ./csu/./csu/init-first.c
cfn=(562) _init_first
calls=1 -24 
* 74
-1 9
+3 30
-29 2

fl=(60)
fn=(194)
47 32
+3 32

ob=(4)
fl=(133)
fn=(422)
fi=(130)
30 3
fe=(133)
-3 1

ob=(1)
fl=(60)
fn=(194)
58 64
+2 16

ob=(3)
fl=(119)
fn=(384)
29 1
fi=(101) ./string/../sysdeps/x86_64/multiarch/ifunc-strcpy.h
+7 2
+1 1
-1 2
+1 2
+2 2
+4 3
+3 3
fe=(119)
-17 1

fl=(228) ./stdlib/./stdlib/exit.c
fn=(888) __run_exit_handlers
40 11
+5 2
+3 5
+50 1
-42 1
+2 3
+8 6
+2 1
+3 1
-3 1
+3 6
+34 1
+1 1
+1 1
-2 1
+7 1
-3 2
+3 3
+1 3
cob=(1)
cfi=(230)
cfn=(892)
calls=1 -82 
* 1130
+1 4
+10 2
+1 2
-63 1
+69 4
+2 2
+1 6
cfi=(188) ./libio/./libio/genops.c
cfn=(964) _IO_cleanup
calls=1 863 
* 365
* 3
+2 2
cfi=(236) ./posix/../sysdeps/unix/sysv/linux/_exit.c
cfn=(978) _Exit
calls=1 27 
* 5
-90 1
cfi=(229) ./stdlib/./stdlib/cxa_thread_atexit_impl.c
cfn=(890) __call_tls_dtors
calls=1 149 
* 12
* 1

fn=(886) exit
142 3
+1 3
-1 1
+1 1
cfn=(888)
calls=1 40 
* 1591

fl=(85)
fn=(298)
29 1
fi=(243) ./string/../sysdeps/x86_64/multiarch/ifunc-sse4_2.h
+1 5
fe=(85)
-1 1

fl=(107)
fn=(350)
43 1
-6 5
+6 1

fl=(201) ./io/../sysdeps/unix/sysv/linux/read.c
fn=(724) read
25 6
+1 36
+1 6

fl=(170)
fn=(586)
242 12
343 3
+1 3
cfi=(171) ./stdlib/./stdlib/cxa_atexit.c
cfn=(588) __cxa_atexit
calls=1 69 
* 71
+25 6
+6 2
-3 2
+10 2
cob=(2)
cfi=(51)
cfn=(602)
calls=1 0 
* 880
+2 2
+8 4
cfi=(172) ./csu/../sysdeps/nptl/libc_start_call_main.h
cfn=(608) (below main)
calls=1 29 
* 291580875
128 2
+6 3
+1 6
cob=(2)
cfi=(51)
cfn=(592)
calls=1 0 
* 7
* 1
+3 1
+1 2
+3 2
+1 2
-1 1
+2 7
+1 4
cob=(6)
cfi=(169)
cfn=(596)
calls=1 0 
* 12
-1 4

fl=(227) ./io/../sysdeps/unix/sysv/linux/write.c
fn=(878) write
25 1
+1 7
+1 1

fl=(120)
fn=(388)
29 1
fi=(121) ./wcsmbs/../sysdeps/x86_64/multiarch/ifunc-memcmp.h
+5 2
+1 1
-1 2
+1 2
+1 2
+1 3
+2 2
+4 3
+3 3
fe=(120)
-17 1

fl=(224)
fn=(850)
25 11
+7 1
-4 2
+4 2
-4 1
+5 1
-1 1
+1 1
-5 1
+4 1
+1 1
-1 1
+1 1
cfi=(225) ./stdio-common/./stdio-common/vfprintf-internal.c
cfn=(852) __vfprintf_internal
calls=1 1180 
* 85855
+4 5

fl=(94)
fn=(318)
31 2
fi=(95) ./wcsmbs/../sysdeps/x86_64/multiarch/ifunc-avx2.h
+2 10
-1 4
+2 6
+2 4
+4 6
+3 8
fe=(94)
-12 2

fl=(198) ./io/../sysdeps/unix/sysv/linux/fstatat64.c
fn=(706) fstatat
153 10
-55 10
+70 15
+1 5

fl=(165) ./misc/./misc/init-misc.c
fn=(564) __init_misc
30 1
+1 2
-1 4
+1 3
+2 3
cob=(2)
cfi=(51)
cfn=(566)
calls=1 -33 
* 30
+4 5
+1 3
+2 4

fl=(197) ./io/../sysdeps/unix/sysv/linux/fstat64.c
fn=(704) fstat
29 10
+1 10
+5 15
cfi=(198)
cfn=(706)
calls=5 153 
* 40

fl=(229)
fn=(890)
149 4
+1 4
+18 4

fl=(89)
fn=(306)
29 1
fi=(90) ./string/../sysdeps/x86_64/multiarch/ifunc-memset.h
+21 5
+3 3
+7 2
+9 2
+2 2
+10 2
+8 2
+2 5
fe=(89)

fl=(97)
fn=(324)
28 1
fi=(84) ./string/../sysdeps/x86_64/multiarch/ifunc-avx2.h
+5 5
-1 2
+2 3
+2 2
+4 3
+3 4
fe=(97)
-15 1

fl=(164)
fn=(562)
46 4
+5 2
+4 5
+8 1
-2 1
+10 1
-9 1
+1 1
+9 2
-1 1
cfi=(165)
cfn=(564)
calls=1 -41 
* 55

fl=(110)
fn=(358)
29 1
fi=(111) ./string/../sysdeps/x86_64/multiarch/ifunc-memcmp.h
+5 2
+1 1
-1 2
+1 2
+1 2
+1 3
+2 2
+4 3
+3 3
fe=(110)
-17 1

fl=(154)
fn=(506)
33 7
+2 1
cfi=(155) ./ctype/./ctype/ctype-info.c
cfn=(508) __ctype_init
calls=1 -6 
* 17
+3 1
fi=(157) ./elf/../sysdeps/nptl/pthread_early_init.h
-5 2
fe=(154)
+8 1
-3 1
fi=(157)
-5 1
cfi=(156) ./resource/../sysdeps/unix/sysv/linux/getrlimit64.c
cfn=(510) getrlimit
calls=1 +5 
* 10
* 3
+1 6
+11 1
fi=(244) ./elf/../nptl/nptl-stack.h
+13 3
fi=(157)
-13 1
fi=(244)
+13 2
fi=(157)
-4 1
fi=(244)
+4 2
fi=(157)
-6 1
fi=(244)
+6 1
fi=(157)
-12 1
+6 6
+1 1
+4 1
cfi=(158) ./nptl/./nptl/pthread_mutex_conf.c
cfn=(514) __pthread_tunables_init
calls=1 -7 
* 928
fe=(154)
-10 3
+2 2
-2 1
cfi=(161) ./nptl/../sysdeps/unix/sysv/linux/x86/elision-conf.c
cfn=(528) __lll_elision_init
calls=1 +49 
* 147

fl=(122)
fn=(392)
33 1
fi=(101)
+3 2
+1 1
-1 2
+1 2
+2 2
+4 3
+3 3
fe=(122)
-13 1

fl=(178)
fn=(662)
3287 30
+7 10
1343 10
+19 20
3306 20
+3 10
+10 12
+28 20
1362 5
3304 15
+7 9
3193 2
+1 2
+2 1
+1 1
-1 3
+1 1
+1 1
3347 5
-26 16
cfn=(634) _int_malloc
calls=4 1343 
* 84349
+1 20
fi=(179) ./malloc/./malloc/arena.c
162 8
fe=(178)

fn=(828) munmap_chunk
3044 1
+2 1
-1 1
+1 1
-1 1
+1 1
+2 2
+4 1
-1 2
+7 1
-8 1
+8 1
-6 1
+7 1
-1 2
+1 4
+3 1
+1 3
+5 1
+1 1
-1 1
cfi=(220) ./misc/../sysdeps/unix/syscall-template.S
cfn=(830) munmap
calls=1 117 
* 6

fn=(734) sysmalloc_mmap.constprop.0
2420 3
+13 3
+5 2
+3 9
cfi=(203) ./misc/../sysdeps/unix/sysv/linux/mmap64.c
cfn=(736) mmap
calls=1 47 
* 9
* 1
+3 2
+4 2
2028 4
2466 3
+19 1
-1 1
+5 1
-4 2
+4 2
+1 5
+3 3
+1 5
+5 5

fn=(632) tcache_init.part.0
3235 3
+9 8
+1 3
cfn=(634)
calls=1 1343 
* 367
* 1
+1 2
+8 4
+7 2
+2 1
+1 2
-1 1
+1 86
+3 4

fn=(636) sysmalloc
2548 153
+20 68
+11 34
+1 50
+26 16
+1 48
+1 16
+9 124
+6 48
+3 48
2941 32
+1 16
+5 32
+3 32
+5 32
-2 16
+2 16
-1 16
+1 16
-3 16
+3 16
+1 16
-1 48
+1 16
+2 32
2581 3
+4 3
+9 4
cfn=(734)
calls=1 2420 
* 63
+1 2
2964 187
2687 32
+9 64
+13 48
+8 80
+8 32
+39 32
+2 48
+6 62
+1 15
2946 15
2773 45
+2 2
2896 1
-1 1
+1 3
+1 1
+11 2
fi=(179)
565 16
fe=(178)
2727 16
cfi=(181) ./malloc/./malloc/morecore.c
cfn=(640) __glibc_morecore
calls=16 25 
* 702
+1 32
-1 16
+1 16
2028 16
2729 16
2028 16
2729 16
2028 32
2730 16
+3 32
+33 32
2610 32
2775 2
+40 3
+22 1
+1 1
-1 1
+1 6
+2 2
+1 3
cfi=(181)
cfn=(640)
calls=1 25 
* 28
+12 2
-12 1
+12 1
2028 4
2897 4
2765 2
-52 3

fn=(622)
3624 19008
+10 9504
-10 38016
+10 76032
+8 19008
+3 28512
+2 28512
+32 28512
cfn=(634)
calls=9504 1343 
* 1330284
+2 47520
fi=(179)
162 28509
fe=(178)
3681 19006
+3 28512
+14 19008
+11 9504
+5 9504
-2 19008
+3 1
-1 2
+48 44994
-53 9503
+12 38012
-20 38012
+31 9503
+2 19006
+2 19006
+5 7498
+2 7498
-2 7498
+3 14996
+2 7496
+2 14992
fi=(179)
315 1
cfn=(626) ptmalloc_init.part.0
calls=1 -2 
* 1128
* 1
fe=(178)
3657 9504
+1 28512
+7 9504
+97 2005
-25 4010
+25 8020
-25 2005
cob=(2)
cfi=(51)
cfn=(646)
calls=2005 0 
* 251303
3241 4
cfn=(632)
calls=1 -6 
* 484
* 1

fn=(714)
3352 11705
+4 23410
-4 9508
+14 9508
-14 19016
+12 9508
+4 9508
-4 9508
+4 19016
+17 28521
fi=(179)
162 28521
fe=(178)
3391 19014
cfn=(776) _int_free
calls=9507 4421 
* 1491869
+3 9507
+1 38028
-23 3
+2 4
+2 1
+1 1
-1 1
+1 1
+1 1
+3 2
cfn=(828)
calls=1 3044 
* 35
+13 1
+1 2201

fn=(634)
1343 19018
3771 9509
1362 9509
3771 76072
1362 19018
3904 9502
+2 9502
-2 9502
+2 19004
1362 19018
3811 19018
4397 19018
3838 19018
+63 4024
+62 256
+1 21
+1 2
cfn=(862) malloc_consolidate
calls=1 4715 
* 83779
* 1
3853 22491
-10 7497
+2 37485
4399 19004
3903 9502
4399 123526
3983 9502
+1 9502
-1 19004
-1 19004
+2 19004
-1 7
+1 7
-1 14
-1 14
+2 14
-2 28524
+12 9508
-6 9508
+73 38032
-67 28525
-6 1
+73 4
-67 3
4158 86
-91 86
+91 172
-91 86
-74 86
3181 86
4067 86
3181 172
4025 172
3183 172
3997 344
+1 86
+2 172
+1 258
+2 86
+1 344
+2 344
-10 86
+12 172
+1 172
+2 172
+11 342
+31 3
+1 3
+4 6
+29 6
+2 4
+1 6
+1 2
-1 2
+57 2
+2 4
-2 4
+2 2
+7 2
-9 6
+9 2
-7 2
+1 2
+1 2
+6 4
-10 1
+2 2
-2 2
+2 1
+7 1
-9 3
+9 1
-7 1
+1 1
+1 1
+6 2
4413 85581
4095 10
+1 3
+1 1
-1 1
+4 2
+66 9
3994 9
4183 18852
+2 21
+3 7
-3 7
+3 14
+68 18852
+1 9426
+1 9426
-1 9426
+1 9426
+1 18852
+1 28278
+5 18860
+16 8
+2 16
-4 24
+8 4
+3 8
+2 2
+1 2
+1 2
-2 8
-27 2
3963 8
4144 3
4023 170
+1 170
+5 83
-1 166
+3 83
-1 83
+1 166
+1 83
+1 166
+2 126
+4 63
+6 63
-6 441
+2 189
+1 63
2005 189
4039 20
+6 20
-6 140
+2 60
+1 20
2005 60
4269 28278
+3 37676
-3 28257
+3 37672
-3 18836
+3 22242
+97 9424
+1 18848
+2 18848
+3 28306
+17 51
3904 6015
4299 6
+3 4
+2 2
+3 4
-3 2
+3 4
cfn=(840) unlink_chunk.constprop.0
calls=2 1626 
* 60
+3 8
+15 4
-5 2
+5 4
+1 4
+3 2
+1 2
+1 2
+3 4
+1 2
+1 4
+2 2
+3 8
+2 3
+1 1
2005 1
4347 1
2005 2
4341 8
+2 3
+1 1
2005 1
4347 1
2005 2
4274 8
+1 4
-3 4
4380 9407
-2 18814
+2 9407
-1 9407
+6 9407
-5 9407
-3 9407
+3 9407
+2 9407
-2 37628
2005 9407
4382 9407
2005 18814
4407 68
cfn=(636)
calls=17 2548 
* 2772
* 17
+1 34
2005 51

fn=(776)
4421 76056
+10 9507
-10 28521
+10 19014
+6 47535
+1 19014
+4 38028
+8 47535
-1 19014
+1 19014
+29 9502
-20 9502
-6 9502
+6 19004
+20 38008
+14 18980
+11 29956
+2 22467
2012 22467
4527 7489
+1 7489
+4 22467
+2 22467
+4 14978
+2 29956
+1 7489
+19 26488
4702 104577
4569 4002
+3 2001
+3 6003
+7 2001
-4 2001
+4 4002
+3 4002
+5 6003
+3 4002
+1 4002
+1 4002
2012 6003
4601 4002
+1 1997
+2 1997
-1 1997
+2 7988
+2 3994
cfn=(840)
calls=1997 1626 
* 49919
+3 4002
+5 4000
+4 2000
+9 2000
-1 2000
+1 6000
+1 4000
+2 2000
+2 4000
+5 2000
+1 2000
+2 6000
+1 2000
+30 4002
+20 6003
3181 17
+4 17
-4 17
+2 68
+1 17
+1 17
4482 17
4635 5997
+38 5748
+3 3832
+2 1916
-2 1916
-23 1
+1 3
+1 2
-68 6003
-2 4002
+89 3466
cfn=(862)
calls=1733 +41 
* 531465
* 1733
+4 7664

fn=(840)
1626 6874
+2 34370
+3 13748
+1 6874
-1 20622
+3 27496
+3 6874
+1 6874
+1 20966
+2 2
+1 6
+3 2
+14 1
+1 2
+3 13748

fn=(862)
4715 1734
+17 1734
-17 6936
+28 1734
-28 5202
+15 1734
+2 1734
+13 3468
+1 3468
-1 31212
+1 31212
+62 52020
+1 13872
-31 9750
+4 4844
+2 2422
+1 4844
+1 4844
+2 4844
-4 2453
+1 4906
+1 4906
+2 4906
+1 820
+4 410
+2 410
-2 820
+3 410
+9 820
-12 4465
+2 4465
-2 8930
+3 4465
+9 19913
-56 14978
+4 22467
+1 29956
+8 7489
-3 14978
+3 7489
-3 7489
+4 7489
-4 7489
+5 7489
-5 7489
+5 14978
+2 14978
+1 2422
+2 2422
-1 2422
+2 9688
+2 14532
cfn=(840)
calls=2422 1626 
* 53908
* 9688
+3 14978
+25 2614
+1 5228
+1 5228
-23 2453
+1 7359
+16 2453
-16 2453
cfn=(840)
calls=2453 1626 
* 54572
* 7359

fl=(96)
fn=(322)
61 2
-20 4
+1 2
-1 4
-1 4
+2 4
+2 4
+4 6
+3 6
+10 2

fl=(116)
fn=(374)
29 1
fi=(101)
+7 2
+1 1
-1 2
+1 2
+2 2
+4 3
+3 3
fe=(116)
-17 1

fl=(203)
fn=(736)
47 2
+3 2
+8 4
+2 1

fl=(123)
fn=(396)
29 1
fi=(124) ./string/../sysdeps/x86_64/multiarch/ifunc-evex.h
+6 5
-1 2
+2 3
+5 2
-3 2
+9 3
+3 4
fe=(123)
-21 1

fl=(182) ./misc/./misc/sbrk.c
fn=(642) sbrk
37 34
+6 17
-6 17
+3 17
-3 34
+3 17
+3 17
+20 1
+15 85
-20 34
+1 2
cfi=(183) ./misc/../sysdeps/unix/sysv/linux/brk.c
cfn=(644) brk
calls=1 -24 
* 9
* 2
+4 1
-1 34
+4 64
+8 16
cfi=(183)
cfn=(644)
calls=16 -39 
* 144
* 32

fl=(233)
fn=(906)
30 6
+3 6
-3 21
+3 12
+3 9
+4 18
-4 9
+58 12
+4 18
-4 9
+11 6
+1 6
cfi=(234) ./posix/./posix/register-atfork.c
cfn=(908) __unregister_atfork
calls=3 -30 
* 48
+1 12
+1 24

fl=(166)
fn=(568)
46 1
+1 1
+1 1
+2 1
+1 1
+3 1
+1 1
+1 1
+2 1
+1 1
+1 1
+1 1
+1 1
+1 1
+2 1
+1 1
+12 1
+1 1
219 1
+1 1
+1 1
+1 1
+1 1
+2 1
+1 1
+1 1
+1 2

fl=(212) ./stdio-common/./stdio-common/vfscanf-internal.c
fn=(796) __vfscanf_internal
278 451516
+10 173660
+1 34732
fi=(213) ./stdio-common/../include/scratch_buffer.h
78 34732
fe=(212)
289 34732
fi=(213)
77 69464
fe=(212)
339 34732
fi=(213)
77 34732
fe=(212)
339 138928
+6 104196
+3 138928
+4 69464
+13 34732
-6 34732
+8 69464
-8 34732
+8 34732
+5 34732
-5 34732
+5 208392
cfi=(190) ./nptl/./nptl/libc-cleanup.c
cfn=(674) __libc_cleanup_push_defer
calls=34732 24 
* 347320
* 104196
+9 34732
-4 34732
+4 104196
570 34732
284 34732
-1 34732
+10 34732
-11 34732
570 69464
2429 138928
328 69464
+4 34732
-5 34732
-1 34732
-1 34732
-12 34732
2180 34732
2429 34732
2180 173660
418 69464
+24 69464
+1 69464
-62 138928
3015 173660
222 69464
+1 69464
-1 34732
488 34732
222 34732
488 69464
222 34732
488 69464
345 69464
482 34732
+22 138928
+25 34732
-4 138928
+7 347320
+80 69464
+5 34732
-1 69464
+1 69464
+1 104196
+3 104196
+1 277856
+6 208392
+3 69464
-3 34732
+3 138928
-3 69464
+4 243124
+1 173660
+4 69464
-4 69464
cfi=(188)
cfn=(798) _IO_sputbackc
calls=34732 +2 
* 659908
+4 277856
3025 138928
cfi=(190)
cfn=(676) __libc_cleanup_pop_restore
calls=34732 39 
* 277856
fi=(213)
85 104196
fe=(212)
3029 69464
+17 69464
+6 416784
637 34732
1017 173660
+2 173660
+2 277856
+10 69464
-10 34732
+10 104196
+71 34732
-81 243124
+81 34732
-81 104196
1144 1136272
1031 284068
1144 142034
1031 284068
1144 107302
-45 284068
+3 142034
-1 284068
+1 284068
-1 284068
2943 69464
+40 104196
+2 69464
+8 69464
-10 34732
+8 69464
2048 173660
1033 104196
cfi=(188)
cfn=(798)
calls=34732 635 
* 659908
+1 34732
-15 486248

fl=(98)
fn=(328)
29 2
fi=(93) ./string/../sysdeps/x86_64/multiarch/ifunc-memmove.h
+24 6
-1 4
+4 6
+14 4
+2 4
+8 4
+8 4
+2 10
fe=(98)

fl=(83)
fn=(294)
31 2
fi=(84)
+2 10
-1 4
+2 6
+2 4
+4 6
+3 8
fe=(83)
-12 2

fl=(112)
fn=(362)
31 2
fi=(113) ./wcsmbs/../sysdeps/x86_64/multiarch/ifunc-wmemset.h
+2 10
+1 6
+2 4
+8 6
+3 8
fe=(112)
-16 2

fl=(117)
fn=(378)
31 1
fi=(245) ./string/../sysdeps/x86_64/multiarch/ifunc-strcasecmp.h
+1 5
fe=(117)
-1 1

fl=(193)
fn=(856)
51 2
+2 2
+1 2
+1 2
+1 2
+1 2
+3 2
+1 2
+4 2
+1 2
+1 2
+1 2
+1 2
+1 2
+1 2
+1 2
+6 2
+1 4

fn=(688)
51 2624
+2 2624
+1 2624
+1 2624
+1 2624
+1 2624
+3 2624
+1 2624
+4 2606
+1 2606
+1 2606
+1 2606
+1 2606
+1 2606
+1 2606
+1 2606
+3 2606
+1 2606
+2 2603
+1 5206
+20 3
+1 6
+6 2
+1 2
+3 2
+1 2
+2 2
+1 4
+35 2
+1 2
+1 2
+1 2
+1 2
+1 2
+1 2
276 18
+2 18
+1 18
+1 18
+1 18
+1 18
+1 18
+3 18
+1 18
+1 18
+1 16
+2 16
+2 16
+1 16
+1 16
+5 32

fl=(174) ./setjmp/../sysdeps/x86_64/setjmp.S
fn=(612) __sigsetjmp
30 1
+2 1
+9 1
+1 2
+1 1
+4 1
+1 1
+1 1
+1 1
+1 1
+2 2
+2 1
+1 1
+1 1
+2 2
+2 1
+5 1
+1 1
+17 1
cfi=(175) ./setjmp/./setjmp/sigjmp.c
cfn=(614) __sigjmp_save
calls=1 -56 
* 9

fl=(161)
fn=(528)
96 2
+5 1
-5 1
+5 1
-5 3
+5 3
cob=(2)
cfi=(51)
cfn=(516)
calls=1 0 
* 22
+2 4
cob=(2)
cfi=(51)
cfn=(516)
calls=1 0 
* 22
+2 4
cob=(2)
cfi=(51)
cfn=(516)
calls=1 0 
* 22
+2 4
cob=(2)
cfi=(51)
cfn=(516)
calls=1 0 
* 22
+2 4
cob=(2)
cfi=(51)
cfn=(516)
calls=1 0 
* 22
+4 3
+1 1
+1 6

fl=(232)
fn=(896)
367 1
51 3
+1 2
367 1
57 2
+8 1
-3 1
-23 1
+1 2
+30 1
369 2
40 3
+1 2
+33 2
+6 4
+4 3
+3 3

fl=(92)
fn=(314)
29 1
fi=(93)
+24 3
-1 2
+4 3
+14 2
+2 2
+8 2
+8 2
+2 5
fe=(92)

fl=(158)
fn=(514)
50 2
+1 2
-1 4
+1 3
cob=(2)
cfi=(51)
cfn=(516)
calls=1 -51 
* 884
+2 4
cob=(2)
cfi=(51)
cfn=(516)
calls=1 -53 
* 23
+2 6

fl=(104)
fn=(344)
66 1
-25 4
+1 3
+2 2
+5 3
+3 3
+14 1

fl=(219)
fn=(824)
83 450348
+23 450348
+1 450348
+2 450348
+1 450348
+1 450348
+1 450348
+1 450348
+2 336297
+1 336297
+1 336297
+1 336297
+1 336297
+1 336297
+1 336297
+1 336297
+18 336297
+1 336297
+1 336297
+3 672594
718 114051
+1 114051
+4 114051
+11 114051
+1 114051
+1 114051
+2 228102
+10 114051
+1 114051
+2 69806
+1 69806
+1 69806
+1 69806
+1 69806
+1 69806
+1 69806
+15 44245
+1 44245
+1 44245
+1 44245
+1 44245
+1 44245
+1 44245
+1 44245
+1 44245

fl=(114)
fn=(366)
29 1
fi=(84)
+4 5
-1 2
+2 3
+2 2
+4 3
+3 4
fe=(114)
-14 1

fl=(126)
fn=(402)
33 1
fi=(93)
+20 3
-1 2
+4 3
+14 2
+2 2
+8 2
+8 2
+2 5
fe=(126)

fl=(115)
fn=(370)
31 1
fi=(84)
+2 5
-1 2
+2 3
+2 2
+4 3
+3 4
fe=(115)
-12 1

fl=(220)
fn=(830)
117 5
+5 1

fl=(179)
fn=(626)
313 1
fi=(178)
3162 3
fe=(179)
313 5
+5 1
fi=(178)
3162 2
cfi=(180) ./stdlib/../sysdeps/unix/sysv/linux/getrandom.c
cfn=(628) getrandom
calls=1 28 
* 9
* 2
fe=(179)
343 2
+4 3
fi=(178)
1966 4
+3 1
-3 1
+3 2
-3 2
+3 126
-3 126
+3 252
-3 252
fe=(179)
352 3
fi=(178)
1977 1
+1 1
+2 1
fe=(179)
352 1
cob=(2)
cfi=(51)
cfn=(516)
calls=1 0 
* 23
+1 4
cob=(2)
cfi=(51)
cfn=(516)
calls=1 0 
* 22
+1 4
cob=(2)
cfi=(51)
cfn=(516)
calls=1 0 
* 23
+1 4
cob=(2)
cfi=(51)
cfn=(516)
calls=1 0 
* 23
+1 4
cob=(2)
cfi=(51)
cfn=(516)
calls=1 0 
* 22
+1 4
cob=(2)
cfi=(51)
cfn=(516)
calls=1 0 
* 23
+1 4
cob=(2)
cfi=(51)
cfn=(516)
calls=1 0 
* 23
+2 4
cob=(2)
cfi=(51)
cfn=(516)
calls=1 0 
* 23
+1 4
cob=(2)
cfi=(51)
cfn=(516)
calls=1 0 
* 23
+1 4
cob=(2)
cfi=(51)
cfn=(516)
calls=1 0 
* 23
+3 4
cob=(2)
cfi=(51)
cfn=(516)
calls=1 0 
* 23
+1 4
cob=(2)
cfi=(51)
cfn=(516)
calls=1 0 
* 23
+1 2
+63 7

fl=(184)
fn=(648)
181 2005
+1 6015
+5 2005
+1 2005
+1 2005
+1 2005
+14 1
+1 1
+2 2
+52 2005
+1 2005
+23 2002
+1 2002
+5 2002
+3 2002
+1 2002
+3 2001
+1 2001
+13 2001
+1 2001
+2 2001
+3 1999
+3 1999
+3 1999
+1 1999
+1 1999
+1 1999
+1 1999
+1 1999
+1 1999
-6 7977
+1 7977
+1 7977
+1 7977
+1 7977
+1 7977
+1 9976
+3 1999
+1 1999
+1 1999
+1 1999
+3 3998
-6 2
+1 2
+1 2
+1 2
+3 4
+11 3
+1 3
+1 3
+1 119371
+1 3
+1 6

fl=(86)
fn=(300)
65 2
-24 4
+1 2
-1 4
+1 4
+2 4
+5 6
+3 6
+13 2

fl=(108)
fn=(352)
29 1
fi=(101)
+7 2
+1 1
-1 2
+1 2
+2 2
+4 3
+3 3
fe=(108)
-17 1

fl=(191) ./io/../sysdeps/unix/sysv/linux/open64.c
fn=(682) open
30 4
+3 2
-3 16
+3 12
+8 20
+2 14

fl=(204)
fn=(740)
31 10
+1 2
-1 2
+1 2
-1 4
+4 4
+2 34
+1 8
cfi=(188)
cfn=(742) _IO_sgetn
calls=2 409 
* 1054
fi=(199) ./libio/./libio/libioP.h
883 4
+1 20
fe=(204)
40 4
+1 18
-1 4

fl=(211)
fn=(794)
60 34732
+12 34732
+1 34732
+2 34732
+1 34732
+1 34732
+1 34732
+3 34473
+1 34473
+6 34473
+1 34473
+1 11
+1 11
+1 22
+26 259
+3 259
+1 259
+1 259
+12 259
+6 259
+1 259
+8 4
+1 4
+1 4
+1 8
+4 9
+1 9
+1 9
+1 18
+4 13
+1 13
+1 13
+1 26
+5 12
+1 12
+1 12
+1 24
+20 34462
+4 34462
+1 34462
+6 34462
+1 34462
-8 259
+1 259
+6 259
+1 259
+2 34717
+1 34717
+1 34717
+1 34717
+2 34708
+1 34708
+1 34708
+1 34708
+2 34695
+1 34695
+1 34695
+1 34695
+19 34683
+1 69366
+6 34683
+1 34683
+1 34683
+1 34683
+1 34683
+1 34683
+1 34683
+2 34683
+2 34683
+1 34683
+1 34683
-12 20554127
+1 20554127
+1 20554127
+1 20554127
+1 20554127
+1 20554127
+1 20554127
+2 20554127
+2 20554127
+1 20554127
+1 20554127
+50 34683
+1 34683
+1 34683
+2 2598
+1 2598
+1 2598
+2 2598
+2 2598
+1 2598
+1 2598
+2 2598
+4 2598
+1 5196
+22 32085
+2 32085
+4 32085
+1 64170

fl=(183)
fn=(644)
35 17
+1 68
+1 34
+6 17
+1 17

fl=(171)
fn=(588)
69 9
-28 2
+2 6
+1 2
cfn=(590) __new_exitfn
calls=1 +38 
* 32
+2 2
+10 1
+2 1
-5 3
+3 1
-1 1
+4 2
+1 1
-1 2
+12 6

fn=(590)
82 1
+6 2
-6 4
+11 4
-10 2
+12 4
-2 1
+10 1
-10 3
+45 1
+5 1
-4 1
+4 4
-18 1
-1 1
+1 1

fl=(217)
fn=(814)
24 7496
+1 14992
+3 7496
cob=(2)
cfi=(51)
cfn=(816)
calls=7496 -28 
* 303781

fl=(156)
fn=(510)
38 2
+1 7
+1 1

fl=(81)
fn=(290)
86 1
fi=(82) ./string/../sysdeps/x86/cacheinfo.h
-25 1
+3 3
+2 1
+1 1
-1 2
+7 3
+2 1
+1 1
-1 2
+5 2
+2 2
+1 2
+1 2
+2 2
fe=(81)
* 2

fl=(190)
fn=(674)
24 34739
+3 69478
+3 138956
+1 34739
+2 34739
+1 34739

fn=(676)
39 34739
+3 69478
+2 69478
+1 69478
+2 34739

fl=(109)
fn=(356)
31 1
fi=(245)
+1 5
fe=(109)
-1 1

fl=(214)
fn=(804)
50 34732
+13 34732
+1 34732
+1 34732
+3 34732
+2 34732
+1 34732
+3 34732
+1 34732
+8 34732
+1 34732
+1 34732
+5 69464

fl=(225)
fn=(852)
1180 12
+30 5
+8 4
+4 5
+11 2
+11 1
fi=(246) ./stdio-common/./stdio-common/printf-parse.h
111 2
fe=(225)
1244 5
fi=(246)
111 1
cob=(2)
cfi=(51)
cfn=(854)
calls=1 0 
* 21
fe=(225)
1259 1
fi=(246)
111 1
fe=(225)
1259 3
239 1
fi=(247) ./stdio-common/../libio/libioP.h
940 1
fe=(225)
1263 1
fi=(247)
942 1
-2 1
fe=(225)
1263 1
fi=(247)
940 2
+2 2
+1 2
fe=(225)
239 4
cfi=(189) ./libio/./libio/fileops.c
cfn=(858) _IO_file_xsputn@@GLIBC_2.2.5
calls=1 1197 
* 85058
* 2
127 9
1263 2
+4 3
+4 8
1532 1
1214 1
+34 1
-8 1
1532 3
+23 1
-39 1
+39 1
-39 1
+39 2
1313 15
+39 1
-51 1
-1 1
-1 1
-1 1
+5 1
1501 1
fi=(246)
88 1
fe=(225)
1352 1
-46 1
-4 1
+50 1
1501 1
1295 1
-1 1
-1 1
-1 1
-1 1
+16 2
1608 2
+1 2
+3 12
-4 9
1259 4
cfi=(190)
cfn=(674)
calls=1 24 
* 10
+1 13
-1 2
1609 2
cfi=(190)
cfn=(676)
calls=1 39 
* 8
+2 1
1484 1
-5 8
-1 1
+1 8
-87 2
1516 25
cfi=(226) ./stdio-common/./stdio-common/_itoa.c
cfn=(868) _itoa_word
calls=1 163 
* 68
* 31
192 2
+47 1
fi=(247)
942 3
+1 2
fe=(225)
239 4
cfi=(189)
cfn=(858)
calls=1 1197 
* 87
* 2
127 13
1517 2
+72 1
fi=(246)
111 1
fe=(225)
1583 1
fi=(246)
111 2
cob=(2)
cfi=(51)
cfn=(854)
calls=1 0 
* 21
fe=(225)
239 1
fi=(247)
942 1
fe=(225)
1593 1
fi=(246)
111 1
fi=(247)
942 1
fe=(225)
1593 1
fi=(247)
942 1
+1 2
fe=(225)
239 4
cfi=(189)
cfn=(858)
calls=1 1197 
* 235
* 2
127 13
1593 2
+2 3
-79 23
192 2
1516 2

fl=(196) ./libio/./libio/filedoalloc.c
fn=(700) _IO_file_doallocate
78 27
+6 12
fi=(199)
940 9
+2 6
+1 6
fe=(196)
84 9
cfi=(189)
cfn=(702) _IO_file_stat
calls=3 1146 
* 54
* 6
+2 12
+11 12
+4 6
cob=(2)
cfi=(51)
cfn=(660)
calls=3 0 
* 84350
* 3
+1 6
+2 12
cfi=(188)
cfn=(708) _IO_setb
calls=3 329 
* 72
+1 3
+1 24
-15 1
fi=(248) ./libio/../include/sys/sysmacros.h
-44 6
fe=(196)
+44 1
-2 2
+5 2

fl=(175)
fn=(614)
28 3
+2 2
-1 1
+5 3

fl=(105)
fn=(346)
31 1
fi=(245)
+1 5
fe=(105)
-1 1

fl=(167)
fn=(570)
83 1
+1 4
+1 3
+1 3
+2 1

fl=(188)
fn=(672) _IO_link_in
87 28
+1 4
-1 12
+1 12
+18 40
-16 2
+2 6
-2 2
+2 2
+1 2
-1 6
cfi=(190)
cfn=(674)
calls=2 -68 
* 20
+1 18
+2 2
-1 2
-1 4
+2 20
+5 2
-3 2
-2 4
+3 2
-1 2
+3 24
+1 2
+1 14
+1 4
cfi=(190)
cfn=(676)
calls=2 -64 
* 16
+3 2

fn=(742)
409 4
fi=(199)
940 6
fe=(188)
409 2
+2 2
fi=(199)
942 4
+1 4
fe=(188)
411 2
+1 4
-1 2
cfi=(189)
cfn=(744) _IO_file_xsgetn
calls=2 1272 
* 1024

fn=(964)
863 2
+3 1
-3 9
-77 1
+80 1
cfn=(966) _IO_flush_all_lockp
calls=1 686 
* 126
-80 2
+80 1
-80 3
cfi=(190)
cfn=(674)
calls=1 24 
* 10
+1 9
+3 1
-3 2
+3 2
fi=(199)
940 4
fe=(188)
838 3
-48 9
+9 9
+2 6
+6 13
+8 5
+9 1
fi=(199)
942 2
+1 2
fe=(188)
824 4
cfi=(189)
cfn=(972) _IO_file_setbuf@@GLIBC_2.2.5
calls=1 381 
* 83
+2 3
+4 5
+1 8
+11 9
+1 2
cfi=(190)
cfn=(676)
calls=1 39 
* 8
+35 12
-59 1
-2 1
+3 1
-3 1
+2 3

fn=(666) _IO_no_init
563 347340
+1 34734
cfn=(668) _IO_old_init
calls=34734 -33 
* 798886
+1 34734
+1 69468
+2 2
+4 2
+7 2
+2 2
-9 10
+15 2
+1 12
-1 34732
+1 208392
-2 69464

fn=(710) _IO_free_backup_area
187 12
+1 8
+2 8
cob=(2)
cfi=(51)
cfn=(712)
calls=4 0 
* 24
+1 4
+1 4
-1 4
+3 8

fn=(782) _IO_default_finish
601 6
+2 6
+6 6
+3 6
54 4
624 4

fn=(708)
329 312633
+1 138952
+5 69474
-3 34737
+3 138948
+3 138950
-7 2
cob=(2)
cfi=(51)
cfn=(712)
calls=2 0 
* 252
+4 6

fn=(768) _IO_unsave_markers
960 4
+2 2
-2 2
+2 2
+5 6
+2 4

fn=(668)
531 34734
+3 34734
-2 34734
+2 34734
+5 34734
-7 34734
+2 34734
+10 34734
-10 34734
+16 34734
-11 34734
-5 34734
+16 34734
-16 34734
+21 34734
-16 173670
+16 69468
+1 4
+2 34734

fn=(746) __underflow
269 10
+1 8
+5 6
+3 2
173 2
278 4
+2 4
+6 4
+7 2
fi=(199)
940 6
+2 4
+1 4
fe=(188)
293 2
+1 2
-1 2
+1 4
-1 2
cfi=(189)
cfn=(748) _IO_file_underflow@@GLIBC_2.2.5
calls=2 461 
* 202
-2 6

fn=(750) _IO_switch_to_get_mode
164 10
+1 6
+3 6
+4 4
+1 4
+7 2
-4 2
+4 2
-2 4
+3 2
+1 8

fn=(798)
635 347320
+3 208392
+1 138928
+9 69464
+3 277856
-10 138928
+1 69464
+5 69464

fn=(866) _IO_default_xsputn
371 1
+3 2
-3 8
fi=(199)
940 1
fe=(188)
371 1
fi=(199)
940 1
fe=(188)
371 1
fi=(199)
940 1
fe=(188)
371 2
+28 47
fi=(199)
942 30
+1 30
fe=(188)
399 60
cfi=(189)
cfn=(860) _IO_file_overflow@@GLIBC_2.2.5
calls=15 731 
* 510
* 30
+2 15
-22 79
+25 1
-29 1
+29 7

fn=(762) _IO_un_link
53 4
+1 8
+28 4
cfn=(764) __GI__IO_un_link.part.0
calls=2 -30 
* 208

fn=(764)
52 4
+7 2
-7 14
+6 12
cfi=(190)
cfn=(674)
calls=2 -34 
* 20
+1 18
+2 2
-1 2
-1 4
+2 20
+13 2
-13 2
+2 2
+13 2
-15 4
+15 2
-13 4
+3 2
-1 4
+1 2
+8 4
+2 22
+2 4
-1 2
+1 14
+1 4
cfi=(190)
cfn=(676)
calls=2 -40 
* 16
+3 18

fn=(966)
686 12
+5 6
cfi=(190)
cfn=(674)
calls=1 24 
* 10
+1 9
+3 1
-8 1
+5 2
+3 2
fi=(199)
940 4
fe=(188)
709 6
+2 3
-16 9
+2 3
+1 6
+3 21
+14 9
+1 2
cfi=(190)
cfn=(676)
calls=1 39 
* 8
+4 12

fn=(698) _IO_doallocbuf
343 3
+1 6
-1 9
+3 12
+1 3
fi=(199)
940 9
+2 6
+1 6
fe=(188)
347 6
cfi=(196)
cfn=(700)
calls=3 78 
* 84641
* 6
+3 12

fn=(974) _IO_default_setbuf
452 2
fi=(199)
940 1
fe=(188)
452 2
fi=(199)
940 1
fe=(188)
452 1
fi=(199)
940 1
fe=(188)
452 4
+1 1
fi=(199)
942 2
+1 2
fe=(188)
453 2
cfi=(189)
cfn=(976) _IO_file_sync@@GLIBC_2.2.5
calls=1 792 
* 18
* 2
+4 1
330 1
462 1
-7 2
332 2
+5 1
-5 1
+5 1
467 1
332 1
466 4
+2 6
-11 1
+1 2
-1 1
330 4

fl=(181)
fn=(640)
25 17
+1 34
-1 17
+4 17
cfi=(182)
cfn=(642)
calls=17 +8 
* 577
+1 34
+4 34

fl=(218)
fn=(818)
53 7496
+2 7496
+1 7496
+1 7496
+2 7496
+2 7496
+5 7496
+2 7496
+1 7496
+1 7496
304 7496
+1 7496
+1 7496
+1 7496
+6 7496
+2 7496
503 7496
+1 7496
+1 7496
+1 7496
+34 7496
+1 7496
662 35
+1 35
+7 70
+4 390
+1 390
+7 780
+4 2404
+1 2404
+1 2404
+1 2404
+7 4808
+4 3791
+1 3791
+1 3791
+1 3791
+7 7582
+4 876
+1 876
+1 876
+1 876
+7 1752
963 7496
+1 7496
+1 7496
+1 7496
+1 7496
+1 7496
+1 7496
+1 7496
+1 6620
+1 6620
+1 2829
+1 2829
+1 425
+1 425
+1 35

fl=(189)
fn=(744)
1272 20
+7 2
-7 2
+7 2
+11 2
fi=(199)
940 6
fe=(189)
1290 8
+2 6
+1 4
-1 12
+1 8
+8 8
+8 8
+9 12
+1 16
+18 4
+1 12
+3 6
fi=(199)
942 2
fe=(189)
1329 2
fi=(199)
942 2
fe=(189)
1329 4
fi=(199)
943 4
fe=(189)
1341 6
cfn=(722) _IO_file_read
calls=2 1130 
* 28
+1 4
+12 2
-2 2
+1 2
+1 4
+1 4
-65 4
+5 6
cob=(2)
cfi=(51)
cfn=(752)
calls=2 0 
* 502
+1 6
+25 4
cfi=(188)
cfn=(746)
calls=2 269 
* 276
* 4
+39 18

fn=(766) _IO_file_close_it@@GLIBC_2.2.5
128 8
+2 6
+4 4
+3 2
-3 2
-1 4
+6 2
+3 2
-3 2
cfi=(188)
cfn=(768)
calls=2 960 
* 20
+3 6
fi=(199)
940 6
+2 4
+1 4
fe=(189)
142 4
cfn=(770) _IO_file_close
calls=2 1164 
* 18
* 2
+3 6
+8 10
cfi=(188)
cfn=(708)
calls=2 329 
* 314
+1 2
+3 2
-3 6
+3 2
cfi=(188)
cfn=(762)
calls=2 53 
* 8
+5 2
-4 2
+1 2
+3 2
-2 2
+3 10

fn=(770)
1164 2
+3 4
cfi=(207) ./io/../sysdeps/unix/sysv/linux/close_nocancel.c
cfn=(772) __close_nocancel
calls=2 25 
* 12

fn=(670) _IO_new_file_init_internal
106 2
+5 2
-5 4
+4 2
+3 2
cfi=(188)
cfn=(672)
calls=2 -26 
* 208
+1 2
+1 4

fn=(680) _IO_file_open
182 4
+3 2
-3 14
+2 4
+4 2
cfi=(191)
cfn=(682)
calls=2 30 
* 68
* 2
+1 4
+3 4
+3 2
-4 2
+1 8
+3 4
+10 4
cfi=(188)
cfn=(672)
calls=2 87 
* 48
+1 2
+1 8

fn=(860)
731 85
+1 68
+7 83
+37 16
-2 32
+3 30
+3 45
+1 45
+1 60
+4 15
+1 60
-45 2
+12 2
+9 3
+5 3
+2 2
-3 2
+3 1
+1 1
-6 1
+1 1
+5 4
+1 1
+2 2
+13 2
-12 2
+1 2
+11 4
-12 2
cfn=(864) _IO_do_write@@GLIBC_2.2.5
calls=2 423 
* 113
-31 2
cfi=(188)
cfn=(698)
calls=1 343 
* 84107
+1 1
+9 1
-9 5

fn=(678) _IO_file_fopen@@GLIBC_2.2.5
213 22
+9 4
+2 12
356 24
247 46
+33 8
cfn=(680)
calls=2 -98 
* 182
* 2
+3 4
+3 6
cfi=(192) ./string/../string/strstr.c
cfn=(684) __GI_strstr
calls=2 77 
* 114
* 2
+1 4
-59 2
-1 2
-13 4

fn=(780) _IO_file_finish@@GLIBC_2.2.5
168 10
+1 4
+7 2
-1 4
+1 4
-1 2
cfi=(188)
cfn=(782)
calls=2 601 
* 32

fn=(858)
1197 15
+7 3
-7 9
+6 12
+9 6
-2 12
+17 3
+6 2
+2 2
+2 4
-2 2
+1 2
+1 2
-2 2
cob=(2)
cfi=(51)
cfn=(870)
calls=2 0 
* 41
* 2
+4 4
+28 27
-55 2
+4 2
-4 2
+1 4
+18 1
+12 1
fi=(199)
940 3
+2 2
+1 2
fe=(189)
1243 1
fi=(199)
940 3
+2 2
+1 2
fe=(189)
1243 6
cfn=(860)
calls=2 731 
* 84295
* 4
+6 4
+1 14
+2 4
+11 6
+1 4
cfi=(188)
cfn=(866)
calls=1 371 
* 828
+2 3
-48 15
-2 14
+4 1
+11 3
443 2

fn=(976)
792 5
+5 4
+2 1
+1 2
+11 2
+4 4

fn=(748)
461 2
+4 6
-4 16
+7 4
+6 6
+3 4
+12 4
+9 4
fi=(199)
940 2
+2 2
-2 2
fe=(189)
505 4
cfi=(188)
cfn=(750)
calls=2 164 
* 50
+6 2
+5 2
-5 2
fi=(199)
942 4
fe=(189)
511 2
fi=(199)
942 2
fe=(189)
511 6
fi=(199)
943 4
fe=(189)
516 8
cfn=(722)
calls=2 1130 
* 28
+2 4
+16 2
-9 2
+9 4
+1 4
+1 4
+1 16

fn=(864)
423 2
+2 6
+1 1
-3 1
fi=(199)
940 1
fe=(189)
423 2
fi=(199)
940 1
fe=(189)
423 1
fi=(199)
940 2
fe=(189)
423 5
+20 1
-10 2
+7 4
fi=(199)
942 2
+1 2
fe=(189)
448 4
cfn=(876) _IO_file_write@@GLIBC_2.2.5
calls=1 1173 
* 46
* 1
+1 5
+2 1
+4 2
-3 2
-1 2
+4 2
-2 1
-28 4
+1 8
+28 2

fn=(718) _IO_file_seek
1139 4
+1 8
cfi=(200) ./io/../sysdeps/unix/sysv/linux/lseek64.c
cfn=(720) lseek
calls=4 28 
* 24

fn=(702)
1146 5
+1 10
cfi=(197)
cfn=(704)
calls=5 29 
* 75

fn=(722)
1130 6
+1 6
+2 6
-1 6
+1 12
cfi=(201)
cfn=(724)
calls=6 25 
* 48

fn=(876)
1173 7
+2 6
+5 1
cfi=(227)
cfn=(878)
calls=1 25 
* 9
+1 2
+5 1
+1 1
-12 2
+4 3
+1 2
+10 3
+3 6
-4 3

fn=(972)
381 3
+1 1
cfi=(188)
cfn=(974)
calls=1 +70 
* 69
* 2
+3 1
+4 2
-2 3
+3 2

fn=(696) _IO_file_seekoff@@GLIBC_2.2.5
900 72
+8 16
-60 12
+66 12
+2 2
+1 4
+25 12
+23 2
fi=(199)
-25 6
+2 4
+1 4
fe=(189)
+22 6
cfn=(702)
calls=2 1146 
* 36
* 12
+2 4
-53 8
+3 8
+12 8
+3 6
+5 4
cfi=(188)
cfn=(698)
calls=2 343 
* 612
+1 4
+1 6
+3 4
+26 2
+7 4
cfi=(188)
cfn=(710)
calls=2 187 
* 36
* 4
cfi=(188)
cfn=(710)
calls=2 187 
* 36
+5 4
+1 4
-1 12
+1 4
+3 14
-1 2
+2 10
fi=(199)
-43 2
-2 4
fe=(189)
+57 4
fi=(199)
-55 2
-2 4
fe=(189)
+57 4
+4 8
+1 4
-1 8
+2 4
-2 4
+1 4
+1 8
+5 4
fi=(199)
-66 8
+1 8
fe=(189)
+65 12
cfn=(718)
calls=4 1139 
* 36
* 4
+1 8
+2 8
+4 2
fi=(199)
-73 4
+1 4
fe=(189)
+72 16
cfn=(722)
calls=2 1130 
* 28
+3 4
+11 2
-3 2
+3 2
-3 4
+4 2
-4 2
+3 4
-3 8
+5 4
-5 4
+4 2
-4 2
+3 4
-3 8
+5 4
+23 66
846 4
+4 2
-2 4
+2 2
+5 4
1006 4
879 4
+10 4
-10 2
-14 4
+1 6

fl=(208)
fn=(786)
24 451516
fi=(209) ./stdio-common/../libio/strfile.h
+69 138928
fe=(208)
-69 104196
fi=(209)
+69 69464
-1 34732
+1 34732
cfi=(188)
cfn=(666)
calls=34732 563 
* 1597672
+1 34732
+1 138928
-1 34732
+1 34732
cfi=(210) ./libio/./libio/strops.c
cfn=(790) _IO_str_init_static_internal
calls=34732 -59 
* 230417068
fe=(208)
-64 104196
-1 34732
+1 34732
-1 173660
+1 34732
cfi=(212)
cfn=(796)
calls=34732 278 
* 15214590
+4 277856

fl=(234)
fn=(908)
76 6
+1 3
-1 3
+1 9
fi=(235) ./posix/../malloc/dynarray-skeleton.c
243 3
fe=(234)
65 6
+38 12
+1 6

fl=(206)
fn=(760)
34 10
+14 6
fi=(199)
883 4
+1 6
fe=(206)
57 2
fi=(199)
940 6
+2 4
+1 4
fe=(206)
57 6
cfi=(189)
cfn=(780)
calls=2 168 
* 58
+1 6
+13 4
fi=(199)
855 8
+1 8
+6 4
cob=(2)
cfi=(51)
cfn=(712)
calls=2 0 
* 182
fe=(206)
76 10
-27 2
cfi=(188)
cfn=(762)
calls=2 +4 
* 216
+2 24
+1 2
-1 4
fi=(199)
883 4
fe=(206)
52 4
+1 4
cfi=(189)
cfn=(766)
calls=2 +75 
* 466
fi=(199)
883 2
fe=(206)
53 2
fi=(199)
883 4
+1 8
fe=(206)

fl=(87)
fn=(302)
29 1
fi=(88) ./wcsmbs/../sysdeps/x86_64/multiarch/ifunc-wcslen.h
+5 4
-1 2
+2 3
+2 2
+4 3
+3 3
fe=(87)
-15 1

fl=(99)
fn=(332)
30 1
fi=(95)
+3 5
-1 2
+2 3
+2 2
+4 3
+3 4
fe=(99)
-13 1

fl=(200)
fn=(720)
28 4
+8 16
+2 4

fl=(210)
fn=(790)
36 486248
+4 69464
+1 104196
cob=(2)
cfi=(51)
cfn=(792)
calls=34732 -41 
* 227916364
* 34732
+5 173660
cfi=(188)
cfn=(708)
calls=34732 329 
* 833568
+5 69464
-1 138928
+14 34732
-14 208392
+15 243124
-14 104196

fl=(172)
fn=(608)
29 4
+15 1
-15 5
+15 1
cfi=(173) ./setjmp/../sysdeps/x86_64/bsd-_setjmp.S
cfn=(610) _setjmp
calls=1 -16 
* 34
* 1
+2 2
+5 2
+1 2
+3 2
+3 6
cob=(6)
cfi=(176)
cfn=(616)
calls=1 -54 
* 291579214
* 1
+16 1
cfi=(228)
cfn=(886)
calls=1 +68 
* 1599

fl=(187)
fn=(658)
85 12
-20 2
+20 4
-20 2
cob=(2)
cfi=(51)
cfn=(660)
calls=2 -65 
* 230
+2 6
+3 2
+2 4
-2 2
+2 10
cfi=(188)
cfn=(666)
calls=2 563 
* 110
+1 2
+1 2
-1 2
+1 2
cfi=(189)
cfn=(670)
calls=2 +32 
* 226
+1 10
cfi=(189)
cfn=(678)
calls=2 213 
* 438
* 4
-38 4
+50 14

fl=(195) ./libio/./libio/ioseekoff.c
fn=(694) _IO_seekoff_unlocked
33 6
+1 12
-1 36
+10 24
+1 4
+15 6
fi=(249) ./libio/../libio/libioP.h
940 18
+2 12
+1 12
fe=(195)
59 6
+1 6
-1 12
+1 18
-1 6
cfi=(189)
cfn=(696)
calls=6 900 
* 1362

fl=(205)
fn=(872)
294 2
+1 2
+1 2
+1 2
+17 2
+1 2
+42 2
+1 2
+2 2
+1 2
+2 2
+4 2
+1 1
+1 1
+1 1
+1 1
+1 1
+1 1
+2 1
+2 1
+6 1
+1 1
+1 1
+1 1
+1 1

fn=(754)
307 2
+1 2
+6 2
+1 2
+2 2
+1 2
+1 2
438 2
+1 2
+5 2
+1 2
+24 2
+1 2
+4 2
+2 2
+4 2
+1 2
+11 2
+3 2
+2 2
+2 2
+4 2
+1 2
+66 2
+1 2
+2 2
+1 2
+1 2
+2 2
+2 2
+2 4
+6 2
+1 2
+1 2
+1 2
+1 2
+1 2
+1 2
+1 2
+1 2
+1 2
+1 2
+1 2
-11 33
+1 33
+1 33
+1 33
+1 33
+1 33
+1 33
+1 33
+1 33
+1 33
+1 33
+1 33
+2 2
+1 2
+1 2
+1 2
+2 2
+1 4

fl=(226)
fn=(868)
163 2
+3 4
+2 2
+9 58
+9 2

fl=(128)
fn=(408)
31 1
fi=(124)
+4 5
-1 2
+2 3
+5 2
-3 2
+9 3
+3 4
fe=(128)
-19 1

fl=(231)
fn=(894)
77 1
+3 3
+2 1
+2 2
-7 2
+11 2
+79 1
+3 1
+2 1
+3 1
+2 1
+1 3
-81 2
+11 4
+4 1
+3 2
-71 1
+1 8
+1 1
+84 3
+1 2

fl=(118)
fn=(380)
29 2
fi=(84)
+4 10
-1 4
+2 6
+2 4
+4 6
+3 8
fe=(118)
-14 2

fl=(100)
fn=(336)
31 1
fi=(101)
+5 2
+1 1
-1 2
+1 2
+2 2
+4 3
+3 3
fe=(100)
-15 1

fl=(127)
fn=(406)
31 1
fi=(245)
+1 5
fe=(127)
-1 1

fl=(102)
fn=(340)
31 2
fi=(103) ./wcsmbs/../sysdeps/x86_64/multiarch/ifunc-evex.h
+4 10
-1 4
+2 6
+5 4
-3 4
+9 6
+3 8
fe=(102)
-19 2

fl=(180)
fn=(628)
28 1
+1 7
+1 1

fl=(91)
fn=(310)
29 1
fi=(88)
+5 4
-1 2
+2 3
+2 2
+4 3
+3 3
fe=(91)
-15 1

fl=(106)
fn=(348)
29 1
fi=(243)
+1 5
fe=(106)
-1 1

fl=(125)
fn=(400)
29 1
fi=(243)
+1 5
fe=(125)
-1 1

fl=(192)
fn=(684)
77 16
+5 2
-5 6
+5 4
+2 8
cob=(2)
cfi=(51)
cfn=(686)
calls=2 -84 
* 46
* 2
+1 4
+44 2
+32 24

fl=(202)
fn=(730)
34 10
+3 26
+1 10
cfi=(195)
cfn=(694)
calls=2 -5 
* 140
+1 2
fi=(199)
883 4
fe=(202)
39 4
fi=(199)
884 10
fe=(202)
45 4
+12 8
fi=(199)
883 4
+1 8
fe=(202)

fl=(236)
fn=(978)
27 2
+3 1
+1 2

fl=(173)
fn=(610)
28 1
+2 1
+2 1
cfi=(174)
cfn=(612)
calls=1 -2 
* 31

fl=(194)
fn=(692)
32 36
+3 52
+1 20
cfi=(195)
cfn=(694)
calls=4 -3 
* 1400
* 16
fi=(199)
883 8
+1 40
fe=(194)
39 24

fl=(155)
fn=(508)
29 1
+2 7
+2 4
+2 4
+1 1

fl=(207)
fn=(772)
25 2
+1 8
+1 2

totals: 291783239
